#
# A fatal error has been detected by the Java Runtime Environment:
#
#  SIGBUS (0xa) at pc=0x00000001400014f0, pid=4468, tid=31247
#
# JRE version: OpenJDK Runtime Environment Corretto-18.0.1.10.1 (18.0.1+10) (build 18.0.1+10-FR)
# Java VM: OpenJDK 64-Bit Server VM Corretto-18.0.1.10.1 (18.0.1+10-FR, mixed mode, sharing, tiered, compressed oops, compressed class ptrs, g1 gc, bsd-aarch64)
# Problematic frame:
# v  ~StubRoutines::SafeFetchN
#
# No core dump will be written. Core dumps have been disabled. To enable core dumping, try "ulimit -c unlimited" before starting Java again
#
# If you would like to submit a bug report, please visit:
#   https://github.com/corretto/corretto-18/issues/
# The crash happened outside the Java Virtual Machine in native code.
# See problematic frame for where to report the bug.
#

---------------  S U M M A R Y ------------

Command Line: -javaagent:/Applications/IntelliJ IDEA CE.app/Contents/lib/idea_rt.jar=52686:/Applications/IntelliJ IDEA CE.app/Contents/bin -Dfile.encoding=UTF-8 --module-path=/Users/mentor/.m2/repository/org/openjfx/javafx-graphics/18-ea+2/javafx-graphics-18-ea+2-mac-aarch64.jar:/Users/mentor/.m2/repository/org/openjfx/javafx-base/18-ea+2/javafx-base-18-ea+2-mac-aarch64.jar:/Users/mentor/.m2/repository/org/openjfx/javafx-controls/18-ea+2/javafx-controls-18-ea+2-mac-aarch64.jar:/Users/mentor/.m2/repository/org/openjfx/javafx-fxml/18-ea+2/javafx-fxml-18-ea+2-mac-aarch64.jar:/Users/mentor/Desktop/demofx/target/classes -Djdk.module.main=com.example.demofx com.example.demofx/com.example.demofx.HelloApplication

Host: "MacBookPro18,3" arm64, 8 cores, 16G, Darwin 21.3.0, macOS 12.2 (21D49)
Time: Tue May  3 12:34:03 2022 MSK elapsed time: 2.328069 seconds (0d 0h 0m 2s)

---------------  T H R E A D  ---------------

Current thread (0x0000000112092e00):  JavaThread "InvokeLaterDispatcher" daemon [_thread_in_native, id=31247, stack(0x000000016e508000,0x000000016e70b000)]

Stack: [0x000000016e508000,0x000000016e70b000],  sp=0x000000016e70a7a0,  free space=2057k
Native frames: (J=compiled Java code, j=interpreted, Vv=VM code, C=native code)
v  ~StubRoutines::SafeFetchN
V  [libjvm.dylib+0x7d9504]  _ZN10OopStorage7releaseEPKP7oopDesc+0x20
V  [libjvm.dylib+0x500c2c]  jni_DeleteGlobalRef+0xd4
C  [libglass.dylib+0xa9c0]  -[GlassRunnable dealloc]+0x34
C  [Foundation+0x84c7c]  -[_NSThreadPerformInfo dealloc]+0x30
C  [Foundation+0x51578]  -[NSObject(NSThreadPerformAdditions) performSelectorOnMainThread:withObject:waitUntilDone:]+0x88
C  0x49280001400098ac
j  com.sun.glass.ui.mac.MacApplication.submitForLaterInvocation(Ljava/lang/Runnable;)V+2 javafx.graphics
j  com.sun.glass.ui.InvokeLaterDispatcher.run()V+82 javafx.graphics
v  ~StubRoutines::call_stub
V  [libjvm.dylib+0x4a628c]  _ZN9JavaCalls11call_helperEP9JavaValueRK12methodHandleP17JavaCallArgumentsP10JavaThread+0x390
V  [libjvm.dylib+0x4a52f8]  _ZN9JavaCalls12call_virtualEP9JavaValueP5KlassP6SymbolS5_P17JavaCallArgumentsP10JavaThread+0xf8
V  [libjvm.dylib+0x4a53c0]  _ZN9JavaCalls12call_virtualEP9JavaValue6HandleP5KlassP6SymbolS6_P10JavaThread+0x64
V  [libjvm.dylib+0x558740]  _ZL12thread_entryP10JavaThreadS0_+0x9c
V  [libjvm.dylib+0x992d8c]  _ZN10JavaThread17thread_main_innerEv+0xb4
V  [libjvm.dylib+0x9916d8]  _ZN6Thread8call_runEv+0xe0
V  [libjvm.dylib+0x7dfe48]  _ZL19thread_native_entryP6Thread+0x158
C  [libsystem_pthread.dylib+0x7240]  _pthread_start+0x94

Java frames: (J=compiled Java code, j=interpreted, Vv=VM code)
j  com.sun.glass.ui.mac.MacApplication._submitForLaterInvocation(Ljava/lang/Runnable;)V+0 javafx.graphics
j  com.sun.glass.ui.mac.MacApplication.submitForLaterInvocation(Ljava/lang/Runnable;)V+2 javafx.graphics
j  com.sun.glass.ui.InvokeLaterDispatcher.run()V+82 javafx.graphics
v  ~StubRoutines::call_stub

siginfo: si_signo: 10 (SIGBUS), si_code: 1 (BUS_ADRALN), si_addr: 0x00000001400014f0

Register to memory mapping:

 x0=0x0000000111f04148 is a global jni handle
 x1=0x0 is NULL
 x2=0x000000070e36dbb0 is an oop: com.sun.glass.ui.InvokeLaterDispatcher$Future 
{0x000000070e36dbb0} - klass: 'com/sun/glass/ui/InvokeLaterDispatcher$Future'
 - ---- fields (total size 3 words):
 - private 'done' 'Z' @12  true
 - private final 'runnable' 'Ljava/lang/Runnable;' @16  a 'com/sun/javafx/tk/quantum/QuantumToolkit$$Lambda$82+0x0000000800c3b008'{0x000000070e8c64e8} (e1d18c9d)
 - final synthetic 'this$0' 'Lcom/sun/glass/ui/InvokeLaterDispatcher;' @20  a 'com/sun/glass/ui/InvokeLaterDispatcher'{0x000000070e82aaa0} (e1d05554)
 x3=0x0 is NULL
 x4=0x00000000000130a8 is an unknown value
 x5=0x0 is NULL
 x6=0x0 is NULL
 x7=0x0 is NULL
 x8=0x00000001400014ec is at begin+0 in a stub
StubRoutines::SafeFetchN [0x00000001400014ec, 0x00000001400014f8] (12 bytes)
 x9=0x0 is NULL
x10=0x2010000030300000 is an unknown value
x11=0x0000000000000007 is an unknown value
x12=0x0000000000000007 is an unknown value
x13=0x00006000034385e0 points into unknown readable memory: 0x846400018fe55738 | 38 57 e5 8f 01 00 64 84
x14=0x0000000000000001 is an unknown value
x15=0x0000000105599fa0: OBJC_CLASS_$_GlassRunnable+0 in /Users/mentor/.openjfx/cache/18-ea/libglass.dylib at 0x0000000105554000
x16=0x000000018eec4094: pthread_getspecific+0 in /usr/lib/system/libsystem_pthread.dylib at 0x000000018eec2000
x17=0x000060000311f870 points into unknown readable memory: 0xfffffffffffffffe | fe ff ff ff ff ff ff ff
x18=0x0 is NULL
x19=0x0000600003111650 points into unknown readable memory: 0x0000600001814670 | 70 46 81 01 00 60 00 00
x20=0x0000000111f03f40 points into unknown readable memory: 0x06852420009b009b | 9b 00 9b 00 20 24 85 06
x21=0x0000000111f04148 is a global jni handle
x22=0x0000000112092e00 is a thread
x23=0x0000000000000001 is an unknown value
x24=0x0000000111f04100 is a global jni handle
x25=0x00000001062a8098: _ZN12StubRoutines17_safefetchN_entryE+0 in /Users/mentor/Library/Java/JavaVirtualMachines/corretto-18.0.1/Contents/Home/lib/server/libjvm.dylib at 0x000000010563c000
x26=0x0000000124520000 is pointing into metadata
x27=0x0 is NULL
x28=0x0000000112092e00 is a thread


Registers:
 x0=0x0000000111f04148  x1=0x0000000000000000  x2=0x000000070e36dbb0  x3=0x0000000000000000
 x4=0x00000000000130a8  x5=0x0000000000000000  x6=0x0000000000000000  x7=0x0000000000000000
 x8=0x00000001400014ec  x9=0x0000000000000000 x10=0x2010000030300000 x11=0x0000000000000007
x12=0x0000000000000007 x13=0x00006000034385e0 x14=0x0000000000000001 x15=0x0000000105599fa0
x16=0x000000018eec4094 x17=0x000060000311f870 x18=0x0000000000000000 x19=0x0000600003111650
x20=0x0000000111f03f40 x21=0x0000000111f04148 x22=0x0000000112092e00 x23=0x0000000000000001
x24=0x0000000111f04100 x25=0x00000001062a8098 x26=0x0000000124520000 x27=0x0000000000000000
x28=0x0000000112092e00  fp=0x000000016e70a7e0  lr=0x0000000105e14304  sp=0x000000016e70a7a0
pc=0x00000001400014f0 cpsr=0x0000000060001000
Top of Stack: (sp=0x000000016e70a7a0)
0x000000016e70a7a0:   0000000124520000 0000000000000001
0x000000016e70a7b0:   000000011206f130 0000000000000000
0x000000016e70a7c0:   000000011206f090 0000000111f04130
0x000000016e70a7d0:   0000000111f04130 0000600003111650
0x000000016e70a7e0:   000000016e70a820 0000000105e15504
0x000000016e70a7f0:   0000000000000001 0000000111f04130
0x000000016e70a800:   000000011206f090 0000000111f04130
0x000000016e70a810:   0000000000000001 000000011206ee00
0x000000016e70a820:   000000016e70a860 0000000105b3cc2c
0x000000016e70a830:   000000016e70a9a8 00006000018041a0
0x000000016e70a840:   0000600001804180 00000001d943e9e3
0x000000016e70a850:   0000000000000000 0000600001804180
0x000000016e70a860:   000000016e70a890 000000010555e9c0
0x000000016e70a870:   96e0979272180079 0000000000000000
0x000000016e70a880:   0000000000000000 0000600000f0cb80
0x000000016e70a890:   000000016e70a8d0 000000018fe88c7c
0x000000016e70a8a0:   000000016e70a9a8 00006000018041a0
0x000000016e70a8b0:   0000600001804180 96e0979272180079
0x000000016e70a8c0:   0000000000000000 0000000000000000
0x000000016e70a8d0:   000000016e70a910 2d1880018fe55578
0x000000016e70a8e0:   000000016e70a9a8 00000001400087c0
0x000000016e70a8f0:   0000000000000000 00000001062afb50
0x000000016e70a900:   000000016e70a920 0000000140007730
0x000000016e70a910:   000000016e70a980 49280001400098ac
0x000000016e70a920:   000000016e70a920 00000008007cf63d
0x000000016e70a930:   000000016e70a930 0000000000000000
0x000000016e70a940:   000000016e70a9a8 0000000124520000
0x000000016e70a950:   000000070e8c4580 0000000000000000
0x000000016e70a960:   0000000000000000 00000001244fb798
0x000000016e70a970:   0000000000000000 000000016e70a980
0x000000016e70a980:   000000016e70aa00 0000000140005fc8
0x000000016e70a990:   0000000000000000 0000000000000000 

Instructions: (pc=0x00000001400014f0)
0x00000001400013f0:   f2a0c4e9 f2c00029 6d425935 1e640886
0x0000000140001400:   0c402d31 1e6408c7 1f5654d0 1e6c1017
0x0000000140001410:   1f5050d0 1f504cd0 1f5048d0 1e650af6
0x0000000140001420:   1f50d8f6 1f5694d6 1f5158f6 1e762880
0x0000000140001430:   36000501 1e614000 14000026 2e251ca5
0x0000000140001440:   d2883009 f2a0c4e9 f2c00029 6d425d36
0x0000000140001450:   1e600806 0c402d32 1f5758c7 1e6c101a
0x0000000140001460:   1f4754c7 1e650805 1f4750c7 d2866668
0x0000000140001470:   f2a7fa68 1f474cc7 1e6608c0 1f4748c7
0x0000000140001480:   1e6e1019 eb08007f 540000ac 1f479400
0x0000000140001490:   1f460340 1e603b20 1400000e d2a7fd29
0x00000001400014a0:   eb09007f 540000ac 51480069 d3607d29
0x00000001400014b0:   9e670121 14000002 1e6a5001 1f679417
0x00000001400014c0:   1f668742 1e613b23 1e773857 1e773860
0x00000001400014d0:   a8c17ff3 910003bf a8c17bfd d65f03c0
0x00000001400014e0:   b9400001 aa0103e0 d65f03c0 f9400001
0x00000001400014f0:   aa0103e0 d65f03c0 00000000 00000000
0x0000000140001500:   00000000 00000000 00000000 00000000
0x0000000140001510:   00000000 00000000 00000000 00000000
0x0000000140001520:   00000000 00000000 00000000 00000000
0x0000000140001530:   00000000 00000000 00000000 00000000
0x0000000140001540:   00000000 00000000 00000000 00000000
0x0000000140001550:   00000000 00000000 00000000 00000000
0x0000000140001560:   00000000 00000000 00000000 00000000
0x0000000140001570:   00000000 00000000 00000000 00000000
0x0000000140001580:   00000000 00000000 00000000 00000000
0x0000000140001590:   00000000 00000000 00000000 00000000
0x00000001400015a0:   00000000 00000000 00000000 00000000
0x00000001400015b0:   00000000 00000000 00000000 00000000
0x00000001400015c0:   00000000 00000000 00000000 00000000
0x00000001400015d0:   00000000 00000000 00000000 00000000
0x00000001400015e0:   00000000 00000000 00000000 00000000 


Stack slot to memory mapping:
stack at sp + 0 slots: 0x0000000124520000 is pointing into metadata
stack at sp + 1 slots: 0x0000000000000001 is an unknown value
stack at sp + 2 slots: 0x000000011206f130 points into unknown readable memory: 0x1f001e0000000004 | 04 00 00 00 00 1e 00 1f
stack at sp + 3 slots: 0x0 is NULL
stack at sp + 4 slots: 0x000000011206f090 points into unknown readable memory: 0x0000000106263560 | 60 35 26 06 01 00 00 00
stack at sp + 5 slots: 0x0000000111f04130 is a global jni handle
stack at sp + 6 slots: 0x0000000111f04130 is a global jni handle
stack at sp + 7 slots: 0x0000600003111650 points into unknown readable memory: 0x0000600001814670 | 70 46 81 01 00 60 00 00

StubRoutines::SafeFetchN [0x00000001400014ec, 0x00000001400014f8] (12 bytes)
[MachCode]
  0x00000001400014ec: 0100 40f9 | e003 01aa | c003 5fd6 
[/MachCode]

---------------  P R O C E S S  ---------------

Threads class SMR info:
_java_thread_list=0x0000600001ac7120, length=20, elements={
0x0000000132808800, 0x0000000132847e00, 0x000000013284a600, 0x0000000130009600,
0x000000011702e400, 0x000000011702ea00, 0x000000011702fa00, 0x0000000117030000,
0x000000013203c400, 0x0000000117809600, 0x0000000117809c00, 0x000000011784b800,
0x0000000117033000, 0x0000000112092e00, 0x000000011206ee00, 0x000000011712b000,
0x000000011205b800, 0x0000000132911a00, 0x0000000117196000, 0x00000001328bc600
}

Java Threads: ( => current thread )
  0x0000000132808800 JavaThread "main" [_thread_blocked, id=5891, stack(0x000000016bb00000,0x000000016bd03000)]
  0x0000000132847e00 JavaThread "Reference Handler" daemon [_thread_blocked, id=16643, stack(0x000000016c954000,0x000000016cb57000)]
  0x000000013284a600 JavaThread "Finalizer" daemon [_thread_blocked, id=17667, stack(0x000000016cb60000,0x000000016cd63000)]
  0x0000000130009600 JavaThread "Signal Dispatcher" daemon [_thread_blocked, id=42755, stack(0x000000016ce84000,0x000000016d087000)]
  0x000000011702e400 JavaThread "Service Thread" daemon [_thread_blocked, id=42499, stack(0x000000016d090000,0x000000016d293000)]
  0x000000011702ea00 JavaThread "Monitor Deflation Thread" daemon [_thread_blocked, id=42243, stack(0x000000016d29c000,0x000000016d49f000)]
  0x000000011702fa00 JavaThread "C2 CompilerThread0" daemon [_thread_blocked, id=24067, stack(0x000000016d4a8000,0x000000016d6ab000)]
  0x0000000117030000 JavaThread "C1 CompilerThread0" daemon [_thread_blocked, id=41987, stack(0x000000016d6b4000,0x000000016d8b7000)]
  0x000000013203c400 JavaThread "Sweeper thread" daemon [_thread_blocked, id=41475, stack(0x000000016d8c0000,0x000000016dac3000)]
  0x0000000117809600 JavaThread "Common-Cleaner" daemon [_thread_blocked, id=40963, stack(0x000000016dacc000,0x000000016dccf000)]
  0x0000000117809c00 JavaThread "Monitor Ctrl-Break" daemon [_thread_in_native, id=24579, stack(0x000000016dcd8000,0x000000016dedb000)]
  0x000000011784b800 JavaThread "Notification Thread" daemon [_thread_blocked, id=40451, stack(0x000000016dee4000,0x000000016e0e7000)]
  0x0000000117033000 JavaThread "QuantumRenderer-0" daemon [_thread_blocked, id=25859, stack(0x000000016e2fc000,0x000000016e4ff000)]
=>0x0000000112092e00 JavaThread "InvokeLaterDispatcher" daemon [_thread_in_native, id=31247, stack(0x000000016e508000,0x000000016e70b000)]
  0x000000011206ee00 JavaThread "JavaFX Application Thread" [_thread_in_native, id=259, stack(0x000000016b278000,0x000000016ba74000)]
  0x000000011712b000 JavaThread "JavaFX-Launcher" [_thread_blocked, id=55811, stack(0x000000016ea38000,0x000000016ec3b000)]
  0x000000011205b800 JavaThread "Prism Font Disposer" daemon [_thread_blocked, id=58895, stack(0x000000016f680000,0x000000016f883000)]
  0x0000000132911a00 JavaThread "Cleaner-0" daemon [_thread_blocked, id=57095, stack(0x000000016f9a4000,0x000000016fba7000)]
  0x0000000117196000 JavaThread "Attach Listener" daemon [_thread_blocked, id=52495, stack(0x000000016fbb0000,0x000000016fdb3000)]
  0x00000001328bc600 JavaThread "PulseTimer-CVDisplayLink thread" daemon [_thread_in_native, id=61699, stack(0x000000016e714000,0x000000016e797000)]

Other Threads:
  0x0000000131e0a0b0 VMThread "VM Thread" [stack: 0x000000016c748000,0x000000016c94b000] [id=15875]
  0x0000000116816be0 WatcherThread "VM Periodic Task Thread" [stack: 0x000000016e0f0000,0x000000016e2f3000] [id=25347]
  0x0000000131f07850 WorkerThread "GC Thread#0" [stack: 0x000000016bd0c000,0x000000016bf0f000] [id=19971]
  0x0000000131f64030 WorkerThread "GC Thread#1" [stack: 0x000000016ec44000,0x000000016ee47000] [id=76035]
  0x0000000131f644a0 WorkerThread "GC Thread#2" [stack: 0x000000016ee50000,0x000000016f053000] [id=56067]
  0x0000000111f0c880 WorkerThread "GC Thread#3" [stack: 0x000000016f05c000,0x000000016f25f000] [id=56579]
  0x0000000111f0ccf0 WorkerThread "GC Thread#4" [stack: 0x000000016f268000,0x000000016f46b000] [id=75523]
  0x0000000116832a60 WorkerThread "GC Thread#5" [stack: 0x000000016f474000,0x000000016f677000] [id=75011]
  0x0000000131f07ef0 ConcurrentGCThread "G1 Main Marker" [stack: 0x000000016bf18000,0x000000016c11b000] [id=19459]
  0x0000000116804080 WorkerThread "G1 Conc#0" [stack: 0x000000016c124000,0x000000016c327000] [id=18947]
  0x0000000116810ee0 ConcurrentGCThread "G1 Refine#0" [stack: 0x000000016c330000,0x000000016c533000] [id=18691]
  0x0000000131e05d70 ConcurrentGCThread "G1 Service" [stack: 0x000000016c53c000,0x000000016c73f000] [id=13571]

Threads with active compile tasks:

VM state: not at safepoint (normal execution)

VM Mutex/Monitor currently owned by a thread: None

Heap address: 0x0000000700000000, size: 4096 MB, Compressed Oops mode: Zero based, Oop shift amount: 3

CDS archive(s) mapped at: [0x0000000800000000-0x0000000800ba8000-0x0000000800ba8000), size 12222464, SharedBaseAddress: 0x0000000800000000, ArchiveRelocationMode: 0.
Compressed class space mapped at: 0x0000000800c00000-0x0000000840c00000, reserved size: 1073741824
Narrow klass base: 0x0000000800000000, Narrow klass shift: 0, Narrow klass range: 0x100000000

GC Precious Log:
 CardTable entry size: 512
 Card Set container configuration: InlinePtr #cards 4 size 8 Array Of Cards #cards 16 size 48 Howl #buckets 8 coarsen threshold 3686 Howl Bitmap #cards 512 size 80 coarsen threshold 460 Card regions per heap region 1 cards per card region 4096
 CPUs: 8 total, 8 available
 Memory: 16384M
 Large Page Support: Disabled
 NUMA Support: Disabled
 Compressed Oops: Enabled (Zero based)
 Heap Region Size: 2M
 Heap Min Capacity: 8M
 Heap Initial Capacity: 256M
 Heap Max Capacity: 4G
 Pre-touch: Disabled
 Parallel Workers: 8
 Concurrent Workers: 2
 Concurrent Refinement Workers: 8
 Periodic GC: Disabled

Heap:
 garbage-first heap   total 266240K, used 37471K [0x0000000700000000, 0x0000000800000000)
  region size 2048K, 19 young (38912K), 2 survivors (4096K)
 Metaspace       used 15085K, committed 15424K, reserved 1114112K
  class space    used 2215K, committed 2368K, reserved 1048576K

Heap Regions: E=young(eden), S=young(survivor), O=old, HS=humongous(starts), HC=humongous(continues), CS=collection set, F=free, OA=open archive, CA=closed archive, TAMS=top-at-mark-start (previous, next)
|   0|0x0000000700000000, 0x0000000700200000, 0x0000000700200000|100%|HS|  |TAMS 0x0000000700000000, 0x0000000700000000| Complete 
|   1|0x0000000700200000, 0x0000000700200000, 0x0000000700400000|  0%| F|  |TAMS 0x0000000700200000, 0x0000000700200000| Untracked 
|   2|0x0000000700400000, 0x0000000700400000, 0x0000000700600000|  0%| F|  |TAMS 0x0000000700400000, 0x0000000700400000| Untracked 
|   3|0x0000000700600000, 0x0000000700600000, 0x0000000700800000|  0%| F|  |TAMS 0x0000000700600000, 0x0000000700600000| Untracked 
|   4|0x0000000700800000, 0x0000000700800000, 0x0000000700a00000|  0%| F|  |TAMS 0x0000000700800000, 0x0000000700800000| Untracked 
|   5|0x0000000700a00000, 0x0000000700a00000, 0x0000000700c00000|  0%| F|  |TAMS 0x0000000700a00000, 0x0000000700a00000| Untracked 
|   6|0x0000000700c00000, 0x0000000700c00000, 0x0000000700e00000|  0%| F|  |TAMS 0x0000000700c00000, 0x0000000700c00000| Untracked 
|   7|0x0000000700e00000, 0x0000000700e00000, 0x0000000701000000|  0%| F|  |TAMS 0x0000000700e00000, 0x0000000700e00000| Untracked 
|   8|0x0000000701000000, 0x0000000701000000, 0x0000000701200000|  0%| F|  |TAMS 0x0000000701000000, 0x0000000701000000| Untracked 
|   9|0x0000000701200000, 0x0000000701200000, 0x0000000701400000|  0%| F|  |TAMS 0x0000000701200000, 0x0000000701200000| Untracked 
|  10|0x0000000701400000, 0x0000000701400000, 0x0000000701600000|  0%| F|  |TAMS 0x0000000701400000, 0x0000000701400000| Untracked 
|  11|0x0000000701600000, 0x0000000701600000, 0x0000000701800000|  0%| F|  |TAMS 0x0000000701600000, 0x0000000701600000| Untracked 
|  12|0x0000000701800000, 0x0000000701800000, 0x0000000701a00000|  0%| F|  |TAMS 0x0000000701800000, 0x0000000701800000| Untracked 
|  13|0x0000000701a00000, 0x0000000701a00000, 0x0000000701c00000|  0%| F|  |TAMS 0x0000000701a00000, 0x0000000701a00000| Untracked 
|  14|0x0000000701c00000, 0x0000000701c00000, 0x0000000701e00000|  0%| F|  |TAMS 0x0000000701c00000, 0x0000000701c00000| Untracked 
|  15|0x0000000701e00000, 0x0000000701e00000, 0x0000000702000000|  0%| F|  |TAMS 0x0000000701e00000, 0x0000000701e00000| Untracked 
|  16|0x0000000702000000, 0x0000000702000000, 0x0000000702200000|  0%| F|  |TAMS 0x0000000702000000, 0x0000000702000000| Untracked 
|  17|0x0000000702200000, 0x0000000702200000, 0x0000000702400000|  0%| F|  |TAMS 0x0000000702200000, 0x0000000702200000| Untracked 
|  18|0x0000000702400000, 0x0000000702400000, 0x0000000702600000|  0%| F|  |TAMS 0x0000000702400000, 0x0000000702400000| Untracked 
|  19|0x0000000702600000, 0x0000000702600000, 0x0000000702800000|  0%| F|  |TAMS 0x0000000702600000, 0x0000000702600000| Untracked 
|  20|0x0000000702800000, 0x0000000702800000, 0x0000000702a00000|  0%| F|  |TAMS 0x0000000702800000, 0x0000000702800000| Untracked 
|  21|0x0000000702a00000, 0x0000000702a00000, 0x0000000702c00000|  0%| F|  |TAMS 0x0000000702a00000, 0x0000000702a00000| Untracked 
|  22|0x0000000702c00000, 0x0000000702c00000, 0x0000000702e00000|  0%| F|  |TAMS 0x0000000702c00000, 0x0000000702c00000| Untracked 
|  23|0x0000000702e00000, 0x0000000702e00000, 0x0000000703000000|  0%| F|  |TAMS 0x0000000702e00000, 0x0000000702e00000| Untracked 
|  24|0x0000000703000000, 0x0000000703000000, 0x0000000703200000|  0%| F|  |TAMS 0x0000000703000000, 0x0000000703000000| Untracked 
|  25|0x0000000703200000, 0x0000000703200000, 0x0000000703400000|  0%| F|  |TAMS 0x0000000703200000, 0x0000000703200000| Untracked 
|  26|0x0000000703400000, 0x0000000703400000, 0x0000000703600000|  0%| F|  |TAMS 0x0000000703400000, 0x0000000703400000| Untracked 
|  27|0x0000000703600000, 0x0000000703600000, 0x0000000703800000|  0%| F|  |TAMS 0x0000000703600000, 0x0000000703600000| Untracked 
|  28|0x0000000703800000, 0x0000000703800000, 0x0000000703a00000|  0%| F|  |TAMS 0x0000000703800000, 0x0000000703800000| Untracked 
|  29|0x0000000703a00000, 0x0000000703a00000, 0x0000000703c00000|  0%| F|  |TAMS 0x0000000703a00000, 0x0000000703a00000| Untracked 
|  30|0x0000000703c00000, 0x0000000703c00000, 0x0000000703e00000|  0%| F|  |TAMS 0x0000000703c00000, 0x0000000703c00000| Untracked 
|  31|0x0000000703e00000, 0x0000000703e00000, 0x0000000704000000|  0%| F|  |TAMS 0x0000000703e00000, 0x0000000703e00000| Untracked 
|  32|0x0000000704000000, 0x0000000704000000, 0x0000000704200000|  0%| F|  |TAMS 0x0000000704000000, 0x0000000704000000| Untracked 
|  33|0x0000000704200000, 0x0000000704200000, 0x0000000704400000|  0%| F|  |TAMS 0x0000000704200000, 0x0000000704200000| Untracked 
|  34|0x0000000704400000, 0x0000000704400000, 0x0000000704600000|  0%| F|  |TAMS 0x0000000704400000, 0x0000000704400000| Untracked 
|  35|0x0000000704600000, 0x0000000704600000, 0x0000000704800000|  0%| F|  |TAMS 0x0000000704600000, 0x0000000704600000| Untracked 
|  36|0x0000000704800000, 0x0000000704800000, 0x0000000704a00000|  0%| F|  |TAMS 0x0000000704800000, 0x0000000704800000| Untracked 
|  37|0x0000000704a00000, 0x0000000704a00000, 0x0000000704c00000|  0%| F|  |TAMS 0x0000000704a00000, 0x0000000704a00000| Untracked 
|  38|0x0000000704c00000, 0x0000000704c00000, 0x0000000704e00000|  0%| F|  |TAMS 0x0000000704c00000, 0x0000000704c00000| Untracked 
|  39|0x0000000704e00000, 0x0000000704e00000, 0x0000000705000000|  0%| F|  |TAMS 0x0000000704e00000, 0x0000000704e00000| Untracked 
|  40|0x0000000705000000, 0x0000000705000000, 0x0000000705200000|  0%| F|  |TAMS 0x0000000705000000, 0x0000000705000000| Untracked 
|  41|0x0000000705200000, 0x0000000705200000, 0x0000000705400000|  0%| F|  |TAMS 0x0000000705200000, 0x0000000705200000| Untracked 
|  42|0x0000000705400000, 0x0000000705400000, 0x0000000705600000|  0%| F|  |TAMS 0x0000000705400000, 0x0000000705400000| Untracked 
|  43|0x0000000705600000, 0x0000000705600000, 0x0000000705800000|  0%| F|  |TAMS 0x0000000705600000, 0x0000000705600000| Untracked 
|  44|0x0000000705800000, 0x0000000705800000, 0x0000000705a00000|  0%| F|  |TAMS 0x0000000705800000, 0x0000000705800000| Untracked 
|  45|0x0000000705a00000, 0x0000000705a00000, 0x0000000705c00000|  0%| F|  |TAMS 0x0000000705a00000, 0x0000000705a00000| Untracked 
|  46|0x0000000705c00000, 0x0000000705c00000, 0x0000000705e00000|  0%| F|  |TAMS 0x0000000705c00000, 0x0000000705c00000| Untracked 
|  47|0x0000000705e00000, 0x0000000705e00000, 0x0000000706000000|  0%| F|  |TAMS 0x0000000705e00000, 0x0000000705e00000| Untracked 
|  48|0x0000000706000000, 0x0000000706000000, 0x0000000706200000|  0%| F|  |TAMS 0x0000000706000000, 0x0000000706000000| Untracked 
|  49|0x0000000706200000, 0x0000000706200000, 0x0000000706400000|  0%| F|  |TAMS 0x0000000706200000, 0x0000000706200000| Untracked 
|  50|0x0000000706400000, 0x0000000706400000, 0x0000000706600000|  0%| F|  |TAMS 0x0000000706400000, 0x0000000706400000| Untracked 
|  51|0x0000000706600000, 0x0000000706600000, 0x0000000706800000|  0%| F|  |TAMS 0x0000000706600000, 0x0000000706600000| Untracked 
|  52|0x0000000706800000, 0x0000000706800000, 0x0000000706a00000|  0%| F|  |TAMS 0x0000000706800000, 0x0000000706800000| Untracked 
|  53|0x0000000706a00000, 0x0000000706a00000, 0x0000000706c00000|  0%| F|  |TAMS 0x0000000706a00000, 0x0000000706a00000| Untracked 
|  54|0x0000000706c00000, 0x0000000706c00000, 0x0000000706e00000|  0%| F|  |TAMS 0x0000000706c00000, 0x0000000706c00000| Untracked 
|  55|0x0000000706e00000, 0x0000000706e00000, 0x0000000707000000|  0%| F|  |TAMS 0x0000000706e00000, 0x0000000706e00000| Untracked 
|  56|0x0000000707000000, 0x0000000707000000, 0x0000000707200000|  0%| F|  |TAMS 0x0000000707000000, 0x0000000707000000| Untracked 
|  57|0x0000000707200000, 0x0000000707200000, 0x0000000707400000|  0%| F|  |TAMS 0x0000000707200000, 0x0000000707200000| Untracked 
|  58|0x0000000707400000, 0x0000000707400000, 0x0000000707600000|  0%| F|  |TAMS 0x0000000707400000, 0x0000000707400000| Untracked 
|  59|0x0000000707600000, 0x0000000707600000, 0x0000000707800000|  0%| F|  |TAMS 0x0000000707600000, 0x0000000707600000| Untracked 
|  60|0x0000000707800000, 0x0000000707800000, 0x0000000707a00000|  0%| F|  |TAMS 0x0000000707800000, 0x0000000707800000| Untracked 
|  61|0x0000000707a00000, 0x0000000707a00000, 0x0000000707c00000|  0%| F|  |TAMS 0x0000000707a00000, 0x0000000707a00000| Untracked 
|  62|0x0000000707c00000, 0x0000000707c00000, 0x0000000707e00000|  0%| F|  |TAMS 0x0000000707c00000, 0x0000000707c00000| Untracked 
|  63|0x0000000707e00000, 0x0000000707e00000, 0x0000000708000000|  0%| F|  |TAMS 0x0000000707e00000, 0x0000000707e00000| Untracked 
|  64|0x0000000708000000, 0x0000000708000000, 0x0000000708200000|  0%| F|  |TAMS 0x0000000708000000, 0x0000000708000000| Untracked 
|  65|0x0000000708200000, 0x0000000708200000, 0x0000000708400000|  0%| F|  |TAMS 0x0000000708200000, 0x0000000708200000| Untracked 
|  66|0x0000000708400000, 0x0000000708400000, 0x0000000708600000|  0%| F|  |TAMS 0x0000000708400000, 0x0000000708400000| Untracked 
|  67|0x0000000708600000, 0x0000000708600000, 0x0000000708800000|  0%| F|  |TAMS 0x0000000708600000, 0x0000000708600000| Untracked 
|  68|0x0000000708800000, 0x0000000708800000, 0x0000000708a00000|  0%| F|  |TAMS 0x0000000708800000, 0x0000000708800000| Untracked 
|  69|0x0000000708a00000, 0x0000000708a00000, 0x0000000708c00000|  0%| F|  |TAMS 0x0000000708a00000, 0x0000000708a00000| Untracked 
|  70|0x0000000708c00000, 0x0000000708c00000, 0x0000000708e00000|  0%| F|  |TAMS 0x0000000708c00000, 0x0000000708c00000| Untracked 
|  71|0x0000000708e00000, 0x0000000708e00000, 0x0000000709000000|  0%| F|  |TAMS 0x0000000708e00000, 0x0000000708e00000| Untracked 
|  72|0x0000000709000000, 0x0000000709000000, 0x0000000709200000|  0%| F|  |TAMS 0x0000000709000000, 0x0000000709000000| Untracked 
|  73|0x0000000709200000, 0x0000000709200000, 0x0000000709400000|  0%| F|  |TAMS 0x0000000709200000, 0x0000000709200000| Untracked 
|  74|0x0000000709400000, 0x0000000709400000, 0x0000000709600000|  0%| F|  |TAMS 0x0000000709400000, 0x0000000709400000| Untracked 
|  75|0x0000000709600000, 0x0000000709600000, 0x0000000709800000|  0%| F|  |TAMS 0x0000000709600000, 0x0000000709600000| Untracked 
|  76|0x0000000709800000, 0x0000000709800000, 0x0000000709a00000|  0%| F|  |TAMS 0x0000000709800000, 0x0000000709800000| Untracked 
|  77|0x0000000709a00000, 0x0000000709a00000, 0x0000000709c00000|  0%| F|  |TAMS 0x0000000709a00000, 0x0000000709a00000| Untracked 
|  78|0x0000000709c00000, 0x0000000709c00000, 0x0000000709e00000|  0%| F|  |TAMS 0x0000000709c00000, 0x0000000709c00000| Untracked 
|  79|0x0000000709e00000, 0x0000000709e00000, 0x000000070a000000|  0%| F|  |TAMS 0x0000000709e00000, 0x0000000709e00000| Untracked 
|  80|0x000000070a000000, 0x000000070a000000, 0x000000070a200000|  0%| F|  |TAMS 0x000000070a000000, 0x000000070a000000| Untracked 
|  81|0x000000070a200000, 0x000000070a200000, 0x000000070a400000|  0%| F|  |TAMS 0x000000070a200000, 0x000000070a200000| Untracked 
|  82|0x000000070a400000, 0x000000070a400000, 0x000000070a600000|  0%| F|  |TAMS 0x000000070a400000, 0x000000070a400000| Untracked 
|  83|0x000000070a600000, 0x000000070a600000, 0x000000070a800000|  0%| F|  |TAMS 0x000000070a600000, 0x000000070a600000| Untracked 
|  84|0x000000070a800000, 0x000000070a800000, 0x000000070aa00000|  0%| F|  |TAMS 0x000000070a800000, 0x000000070a800000| Untracked 
|  85|0x000000070aa00000, 0x000000070aa00000, 0x000000070ac00000|  0%| F|  |TAMS 0x000000070aa00000, 0x000000070aa00000| Untracked 
|  86|0x000000070ac00000, 0x000000070ac00000, 0x000000070ae00000|  0%| F|  |TAMS 0x000000070ac00000, 0x000000070ac00000| Untracked 
|  87|0x000000070ae00000, 0x000000070ae00000, 0x000000070b000000|  0%| F|  |TAMS 0x000000070ae00000, 0x000000070ae00000| Untracked 
|  88|0x000000070b000000, 0x000000070b000000, 0x000000070b200000|  0%| F|  |TAMS 0x000000070b000000, 0x000000070b000000| Untracked 
|  89|0x000000070b200000, 0x000000070b200000, 0x000000070b400000|  0%| F|  |TAMS 0x000000070b200000, 0x000000070b200000| Untracked 
|  90|0x000000070b400000, 0x000000070b400000, 0x000000070b600000|  0%| F|  |TAMS 0x000000070b400000, 0x000000070b400000| Untracked 
|  91|0x000000070b600000, 0x000000070b600000, 0x000000070b800000|  0%| F|  |TAMS 0x000000070b600000, 0x000000070b600000| Untracked 
|  92|0x000000070b800000, 0x000000070b800000, 0x000000070ba00000|  0%| F|  |TAMS 0x000000070b800000, 0x000000070b800000| Untracked 
|  93|0x000000070ba00000, 0x000000070ba00000, 0x000000070bc00000|  0%| F|  |TAMS 0x000000070ba00000, 0x000000070ba00000| Untracked 
|  94|0x000000070bc00000, 0x000000070bc00000, 0x000000070be00000|  0%| F|  |TAMS 0x000000070bc00000, 0x000000070bc00000| Untracked 
|  95|0x000000070be00000, 0x000000070be00000, 0x000000070c000000|  0%| F|  |TAMS 0x000000070be00000, 0x000000070be00000| Untracked 
|  96|0x000000070c000000, 0x000000070c000000, 0x000000070c200000|  0%| F|  |TAMS 0x000000070c000000, 0x000000070c000000| Untracked 
|  97|0x000000070c200000, 0x000000070c200000, 0x000000070c400000|  0%| F|  |TAMS 0x000000070c200000, 0x000000070c200000| Untracked 
|  98|0x000000070c400000, 0x000000070c400000, 0x000000070c600000|  0%| F|  |TAMS 0x000000070c400000, 0x000000070c400000| Untracked 
|  99|0x000000070c600000, 0x000000070c600000, 0x000000070c800000|  0%| F|  |TAMS 0x000000070c600000, 0x000000070c600000| Untracked 
| 100|0x000000070c800000, 0x000000070c800000, 0x000000070ca00000|  0%| F|  |TAMS 0x000000070c800000, 0x000000070c800000| Untracked 
| 101|0x000000070ca00000, 0x000000070ca00000, 0x000000070cc00000|  0%| F|  |TAMS 0x000000070ca00000, 0x000000070ca00000| Untracked 
| 102|0x000000070cc00000, 0x000000070cc00000, 0x000000070ce00000|  0%| F|  |TAMS 0x000000070cc00000, 0x000000070cc00000| Untracked 
| 103|0x000000070ce00000, 0x000000070ce00000, 0x000000070d000000|  0%| F|  |TAMS 0x000000070ce00000, 0x000000070ce00000| Untracked 
| 104|0x000000070d000000, 0x000000070d000000, 0x000000070d200000|  0%| F|  |TAMS 0x000000070d000000, 0x000000070d000000| Untracked 
| 105|0x000000070d200000, 0x000000070d200000, 0x000000070d400000|  0%| F|  |TAMS 0x000000070d200000, 0x000000070d200000| Untracked 
| 106|0x000000070d400000, 0x000000070d400000, 0x000000070d600000|  0%| F|  |TAMS 0x000000070d400000, 0x000000070d400000| Untracked 
| 107|0x000000070d600000, 0x000000070d600000, 0x000000070d800000|  0%| F|  |TAMS 0x000000070d600000, 0x000000070d600000| Untracked 
| 108|0x000000070d800000, 0x000000070d800000, 0x000000070da00000|  0%| F|  |TAMS 0x000000070d800000, 0x000000070d800000| Untracked 
| 109|0x000000070da00000, 0x000000070da35ce0, 0x000000070dc00000| 10%| E|  |TAMS 0x000000070da00000, 0x000000070da00000| Complete 
| 110|0x000000070dc00000, 0x000000070de00000, 0x000000070de00000|100%| E|CS|TAMS 0x000000070dc00000, 0x000000070dc00000| Complete 
| 111|0x000000070de00000, 0x000000070e000000, 0x000000070e000000|100%| E|CS|TAMS 0x000000070de00000, 0x000000070de00000| Complete 
| 112|0x000000070e000000, 0x000000070e200000, 0x000000070e200000|100%| E|CS|TAMS 0x000000070e000000, 0x000000070e000000| Complete 
| 113|0x000000070e200000, 0x000000070e400000, 0x000000070e400000|100%| E|CS|TAMS 0x000000070e200000, 0x000000070e200000| Complete 
| 114|0x000000070e400000, 0x000000070e600000, 0x000000070e600000|100%| E|CS|TAMS 0x000000070e400000, 0x000000070e400000| Complete 
| 115|0x000000070e600000, 0x000000070e6affe8, 0x000000070e800000| 34%| S|CS|TAMS 0x000000070e600000, 0x000000070e600000| Complete 
| 116|0x000000070e800000, 0x000000070ea00000, 0x000000070ea00000|100%| S|CS|TAMS 0x000000070e800000, 0x000000070e800000| Complete 
| 117|0x000000070ea00000, 0x000000070ec00000, 0x000000070ec00000|100%| E|CS|TAMS 0x000000070ea00000, 0x000000070ea00000| Complete 
| 118|0x000000070ec00000, 0x000000070ee00000, 0x000000070ee00000|100%| E|CS|TAMS 0x000000070ec00000, 0x000000070ec00000| Complete 
| 119|0x000000070ee00000, 0x000000070f000000, 0x000000070f000000|100%| E|CS|TAMS 0x000000070ee00000, 0x000000070ee00000| Complete 
| 120|0x000000070f000000, 0x000000070f200000, 0x000000070f200000|100%| E|CS|TAMS 0x000000070f000000, 0x000000070f000000| Complete 
| 121|0x000000070f200000, 0x000000070f400000, 0x000000070f400000|100%| E|CS|TAMS 0x000000070f200000, 0x000000070f200000| Complete 
| 122|0x000000070f400000, 0x000000070f600000, 0x000000070f600000|100%| E|CS|TAMS 0x000000070f400000, 0x000000070f400000| Complete 
| 123|0x000000070f600000, 0x000000070f7ffdc0, 0x000000070f800000| 99%| E|  |TAMS 0x000000070f600000, 0x000000070f600000| Complete 
| 124|0x000000070f800000, 0x000000070fa00000, 0x000000070fa00000|100%| E|CS|TAMS 0x000000070f800000, 0x000000070f800000| Complete 
| 125|0x000000070fa00000, 0x000000070fc00000, 0x000000070fc00000|100%| E|CS|TAMS 0x000000070fa00000, 0x000000070fa00000| Complete 
| 126|0x000000070fc00000, 0x000000070fe00000, 0x000000070fe00000|100%| E|CS|TAMS 0x000000070fc00000, 0x000000070fc00000| Complete 
| 127|0x000000070fe00000, 0x0000000710000000, 0x0000000710000000|100%| E|CS|TAMS 0x000000070fe00000, 0x000000070fe00000| Complete 
|2046|0x00000007ffc00000, 0x00000007ffd74000, 0x00000007ffe00000| 72%|OA|  |TAMS 0x00000007ffc00000, 0x00000007ffc00000| Untracked 
|2047|0x00000007ffe00000, 0x00000007ffe74000, 0x0000000800000000| 22%|CA|  |TAMS 0x00000007ffe00000, 0x00000007ffe00000| Untracked 

Card table byte_map: [0x000000010e1c8000,0x000000010e9c8000] _byte_map_base: 0x000000010a9c8000

Marking Bits (Prev, Next): (CMBitMap*) 0x0000000132837810, (CMBitMap*) 0x0000000132837850
 Prev Bits: [0x0000000112800000, 0x0000000116800000)
 Next Bits: [0x0000000120000000, 0x0000000124000000)

Polling page: 0x0000000104510000

Metaspace:

Usage:
  Non-class:     12.57 MB used.
      Class:      2.16 MB used.
       Both:     14.73 MB used.

Virtual space:
  Non-class space:       64.00 MB reserved,      12.75 MB ( 20%) committed,  1 nodes.
      Class space:        1.00 GB reserved,       2.31 MB ( <1%) committed,  1 nodes.
             Both:        1.06 GB reserved,      15.06 MB (  1%) committed. 

Chunk freelists:
   Non-Class:  2.42 MB
       Class:  1.66 MB
        Both:  4.08 MB

MaxMetaspaceSize: unlimited
CompressedClassSpaceSize: 1.00 GB
Initial GC threshold: 21.00 MB
Current GC threshold: 21.00 MB
CDS: on
MetaspaceReclaimPolicy: balanced
 - commit_granule_bytes: 65536.
 - commit_granule_words: 8192.
 - virtual_space_node_default_size: 8388608.
 - enlarge_chunks_in_place: 1.
 - new_chunks_are_fully_committed: 0.
 - uncommit_free_chunks: 1.
 - use_allocation_guard: 0.


Internal statistics:

num_allocs_failed_limit: 0.
num_arena_births: 300.
num_arena_deaths: 0.
num_vsnodes_births: 2.
num_vsnodes_deaths: 0.
num_space_committed: 241.
num_space_uncommitted: 0.
num_chunks_returned_to_freelist: 0.
num_chunks_taken_from_freelist: 765.
num_chunk_merges: 0.
num_chunk_splits: 541.
num_chunks_enlarged: 418.
num_inconsistent_stats: 0.

CodeHeap 'non-profiled nmethods': size=120032Kb used=655Kb max_used=655Kb free=119376Kb
 bounds [0x0000000147ac8000, 0x0000000147d38000, 0x000000014f000000]
CodeHeap 'profiled nmethods': size=120016Kb used=3677Kb max_used=3677Kb free=116338Kb
 bounds [0x0000000140594000, 0x0000000140934000, 0x0000000147ac8000]
CodeHeap 'non-nmethods': size=5712Kb used=1397Kb max_used=1435Kb free=4314Kb
 bounds [0x0000000140000000, 0x0000000140270000, 0x0000000140594000]
 total_blobs=2645 nmethods=1872 adapters=689
 compilation: enabled
              stopped_count=0, restarted_count=0
 full_count=0

Compilation events (20 events):
Event: 2.153 Thread 0x0000000117030000 1925       1       com.sun.prism.paint.Paint$Type::isGradient (5 bytes)
Event: 2.153 Thread 0x0000000117030000 nmethod 1925 0x0000000147b6a710 code [0x0000000147b6a880, 0x0000000147b6a968]
Event: 2.155 Thread 0x0000000117030000 1926       3       com.sun.marlin.MaskMarlinAlphaConsumer::setAndClearRelativeAlphas (263 bytes)
Event: 2.155 Thread 0x0000000117030000 nmethod 1926 0x0000000140923890 code [0x0000000140923b80, 0x0000000140924888]
Event: 2.155 Thread 0x0000000117030000 1927       1       com.sun.prism.impl.BaseGraphics::getRenderTarget (5 bytes)
Event: 2.155 Thread 0x0000000117030000 nmethod 1927 0x0000000147b6aa10 code [0x0000000147b6ab80, 0x0000000147b6ac68]
Event: 2.226 Thread 0x000000011702fa00 1928   !   4       java.util.WeakHashMap::expungeStaleEntries (139 bytes)
Event: 2.232 Thread 0x000000011702fa00 nmethod 1928 0x0000000147b6ad10 code [0x0000000147b6af40, 0x0000000147b6b930]
Event: 2.251 Thread 0x0000000117030000 1929       3       java.util.WeakHashMap::size (18 bytes)
Event: 2.251 Thread 0x0000000117030000 nmethod 1929 0x0000000140925010 code [0x00000001409251c0, 0x00000001409253d8]
Event: 2.283 Thread 0x0000000117030000 1930       3       com.sun.javafx.event.EventDispatchChainImpl::prepend (77 bytes)
Event: 2.283 Thread 0x0000000117030000 nmethod 1930 0x0000000140925490 code [0x0000000140925680, 0x0000000140925b48]
Event: 2.283 Thread 0x0000000117030000 1931       3       com.sun.javafx.event.EventDispatchChainImpl::ensureCapacity (89 bytes)
Event: 2.283 Thread 0x0000000117030000 nmethod 1931 0x0000000140925d10 code [0x0000000140925f00, 0x0000000140926508]
Event: 2.291 Thread 0x0000000117030000 1932       3       javafx.scene.Node::updateLocalBounds (67 bytes)
Event: 2.292 Thread 0x0000000117030000 nmethod 1932 0x0000000140926690 code [0x0000000140926940, 0x0000000140927538]
Event: 2.308 Thread 0x0000000117030000 1933       3       com.sun.javafx.scene.input.InputEventUtils::recomputeCoordinates (220 bytes)
Event: 2.310 Thread 0x0000000117030000 nmethod 1933 0x0000000140927890 code [0x0000000140927d00, 0x0000000140929418]
Event: 2.323 Thread 0x0000000117030000 1934       3       com.sun.javafx.event.EventHandlerManager::dispatchBubblingEvent (41 bytes)
Event: 2.324 Thread 0x0000000117030000 nmethod 1934 0x0000000140929c90 code [0x0000000140929ec0, 0x000000014092a728]

GC Heap History (2 events):
Event: 0.311 GC heap before
{Heap before GC invocations=0 (full 0):
 garbage-first heap   total 266240K, used 24480K [0x0000000700000000, 0x0000000800000000)
  region size 2048K, 11 young (22528K), 0 survivors (0K)
 Metaspace       used 7118K, committed 7360K, reserved 1114112K
  class space    used 879K, committed 960K, reserved 1048576K
}
Event: 0.313 GC heap after
{Heap after GC invocations=1 (full 0):
 garbage-first heap   total 266240K, used 4703K [0x0000000700000000, 0x0000000800000000)
  region size 2048K, 2 young (4096K), 2 survivors (4096K)
 Metaspace       used 7118K, committed 7360K, reserved 1114112K
  class space    used 879K, committed 960K, reserved 1048576K
}

Deoptimization events (20 events):
Event: 0.640 Thread 0x0000000117033000 DEOPT PACKING pc=0x00000001408bda48 sp=0x000000016e4fc7b0
Event: 0.640 Thread 0x0000000117033000 DEOPT UNPACKING pc=0x000000014003eb7c sp=0x000000016e4fc410 mode 0
Event: 0.640 Thread 0x0000000117033000 DEOPT PACKING pc=0x00000001408bda48 sp=0x000000016e4fc7b0
Event: 0.640 Thread 0x0000000117033000 DEOPT UNPACKING pc=0x000000014003eb7c sp=0x000000016e4fc410 mode 0
Event: 1.249 Thread 0x0000000117196000 Uncommon trap: trap_request=0xffffff45 fr.pc=0x0000000147b1d220 relative=0x0000000000000da0
Event: 1.249 Thread 0x0000000117196000 Uncommon trap: reason=unstable_if action=reinterpret pc=0x0000000147b1d220 method=java.util.concurrent.ConcurrentHashMap.putVal(Ljava/lang/Object;Ljava/lang/Object;Z)Ljava/lang/Object; @ 148 c2
Event: 1.249 Thread 0x0000000117196000 DEOPT PACKING pc=0x0000000147b1d220 sp=0x000000016fdb16e0
Event: 1.249 Thread 0x0000000117196000 DEOPT UNPACKING pc=0x000000014003ed1c sp=0x000000016fdb15f0 mode 2
Event: 1.251 Thread 0x0000000117196000 Uncommon trap: trap_request=0xffffff45 fr.pc=0x0000000147ada538 relative=0x00000000000000f8
Event: 1.251 Thread 0x0000000117196000 Uncommon trap: reason=unstable_if action=reinterpret pc=0x0000000147ada538 method=java.lang.StringLatin1.lastIndexOf([BI[BII)I @ 86 c2
Event: 1.251 Thread 0x0000000117196000 DEOPT PACKING pc=0x0000000147ada538 sp=0x000000016fdb1750
Event: 1.251 Thread 0x0000000117196000 DEOPT UNPACKING pc=0x000000014003ed1c sp=0x000000016fdb16b0 mode 2
Event: 1.260 Thread 0x0000000117196000 DEOPT PACKING pc=0x000000014084e7a4 sp=0x000000016fdb1cc0
Event: 1.260 Thread 0x0000000117196000 DEOPT UNPACKING pc=0x000000014003eb7c sp=0x000000016fdb1a20 mode 3
Event: 1.260 Thread 0x0000000117196000 DEOPT PACKING pc=0x000000014082c2d8 sp=0x000000016fdb1820
Event: 1.260 Thread 0x0000000117196000 DEOPT UNPACKING pc=0x000000014003eb7c sp=0x000000016fdb1570 mode 3
Event: 2.098 Thread 0x0000000117033000 Uncommon trap: trap_request=0xffffff45 fr.pc=0x0000000147b51650 relative=0x0000000000000610
Event: 2.098 Thread 0x0000000117033000 Uncommon trap: reason=unstable_if action=reinterpret pc=0x0000000147b51650 method=com.sun.marlin.MaskMarlinAlphaConsumer.setAndClearRelativeAlphas([I[IIII)V @ 414 c2
Event: 2.099 Thread 0x0000000117033000 DEOPT PACKING pc=0x0000000147b51650 sp=0x000000016e4fcb80
Event: 2.099 Thread 0x0000000117033000 DEOPT UNPACKING pc=0x000000014003ed1c sp=0x000000016e4fca80 mode 2

Classes loaded (20 events):
Event: 2.077 Loading class sun/util/resources/LocaleData$LocaleDataResourceBundleProvider done
Event: 2.077 Loading class sun/util/resources/LocaleData$CommonResourceBundleProvider done
Event: 2.077 Loading class sun/text/resources/BreakIteratorInfo
Event: 2.077 Loading class sun/text/resources/BreakIteratorInfo done
Event: 2.077 Loading class sun/text/resources/BreakIteratorResources
Event: 2.077 Loading class sun/util/resources/BreakIteratorResourceBundle
Event: 2.077 Loading class sun/util/resources/BreakIteratorResourceBundle done
Event: 2.077 Loading class sun/text/resources/BreakIteratorResources done
Event: 2.077 Loading class sun/util/resources/Bundles$2
Event: 2.077 Loading class sun/util/resources/Bundles$2 done
Event: 2.079 Loading class sun/text/RuleBasedBreakIterator
Event: 2.079 Loading class sun/text/RuleBasedBreakIterator done
Event: 2.079 Loading class jdk/internal/misc/ScopedMemoryAccess$Scope
Event: 2.079 Loading class jdk/internal/misc/ScopedMemoryAccess$Scope done
Event: 2.080 Loading class sun/text/CompactByteArray
Event: 2.080 Loading class sun/text/CompactByteArray done
Event: 2.080 Loading class sun/text/SupplementaryCharacterData
Event: 2.080 Loading class sun/text/SupplementaryCharacterData done
Event: 2.080 Loading class java/text/BreakIterator$BreakIteratorCache
Event: 2.080 Loading class java/text/BreakIterator$BreakIteratorCache done

Classes unloaded (0 events):
No events

Classes redefined (0 events):
No events

Internal exceptions (20 events):
Event: 0.362 Thread 0x000000011206ee00 Exception <a 'java/lang/NoSuchMethodError'{0x000000070f9ec7d8}: 'void java.lang.invoke.DelegatingMethodHandle$Holder.reinvoke_L(java.lang.Object, java.lang.Object, int)'> (0x000000070f9ec7d8) 
thrown [src/hotspot/share/interpreter/linkResolver.cpp, line 766]
Event: 0.362 Thread 0x000000011206ee00 Exception <a 'java/lang/NoSuchMethodError'{0x000000070f9f04e8}: 'int java.lang.invoke.DirectMethodHandle$Holder.invokeSpecial(java.lang.Object, java.lang.Object, java.lang.Object)'> (0x000000070f9f04e8) 
thrown [src/hotspot/share/interpreter/linkResolver.cpp, line 766]
Event: 0.371 Thread 0x000000011206ee00 Exception <a 'java/lang/NoSuchMethodError'{0x000000070f6ea0b0}: 'void java.lang.invoke.Invokers$Holder.invokeExact_MT(java.lang.Object, java.lang.Object, java.lang.Object, java.lang.Object)'> (0x000000070f6ea0b0) 
thrown [src/hotspot/share/interpreter/linkResolver.cpp, line 766]
Event: 0.381 Thread 0x000000011206ee00 Exception <a 'sun/nio/fs/UnixException'{0x000000070f4243b8}> (0x000000070f4243b8) 
thrown [src/hotspot/share/prims/jni.cpp, line 516]
Event: 0.384 Thread 0x000000011206ee00 Implicit null exception at 0x0000000147b131bc to 0x0000000147b13bf4
Event: 0.419 Thread 0x000000011206ee00 Implicit null exception at 0x0000000147b11494 to 0x0000000147b117ec
Event: 0.433 Thread 0x000000011206ee00 Exception <a 'java/lang/NoSuchMethodError'{0x000000070f1cbf18}: 'java.lang.Object java.lang.invoke.DirectMethodHandle$Holder.invokeInterface(java.lang.Object, java.lang.Object, java.lang.Object)'> (0x000000070f1cbf18) 
thrown [src/hotspot/share/interpreter/linkResolver.cpp, line 766]
Event: 0.433 Thread 0x000000011206ee00 Exception <a 'java/lang/IncompatibleClassChangeError'{0x000000070f1cf898}: Found class java.lang.Object, but interface was expected> (0x000000070f1cf898) 
thrown [src/hotspot/share/interpreter/linkResolver.cpp, line 833]
Event: 0.434 Thread 0x000000011206ee00 Exception <a 'java/lang/ClassNotFoundException'{0x000000070f1fa4c0}: com/sun/javafx/scene/control/skin/resources/controls> (0x000000070f1fa4c0) 
thrown [src/hotspot/share/prims/jni.cpp, line 535]
Event: 0.434 Thread 0x000000011206ee00 Exception <a 'java/lang/ClassNotFoundException'{0x000000070ee09610}: com/sun/javafx/scene/control/skin/resources/controls_ru> (0x000000070ee09610) 
thrown [src/hotspot/share/prims/jni.cpp, line 535]
Event: 0.435 Thread 0x000000011206ee00 Exception <a 'java/lang/ClassNotFoundException'{0x000000070ee0a5a8}: com/sun/javafx/scene/control/skin/resources/controls_ru_RU> (0x000000070ee0a5a8) 
thrown [src/hotspot/share/prims/jni.cpp, line 535]
Event: 0.525 Thread 0x000000011206ee00 Exception <a 'java/lang/NoSuchMethodError'{0x000000070eb9e310}: 'void java.lang.invoke.DirectMethodHandle$Holder.invokeSpecial(java.lang.Object, java.lang.Object, java.lang.Object, java.lang.Object, java.lang.Object, java.lang.Object)'> (0x000000070eb9e310) 
thrown [src/hotspot/share/interpreter/linkResolver.cpp, line 766]
Event: 0.547 Thread 0x000000011206ee00 Exception <a 'java/lang/NoSuchMethodError'{0x000000070e2eaed8}: 'int java.lang.invoke.DirectMethodHandle$Holder.invokeSpecial(java.lang.Object, java.lang.Object, int)'> (0x000000070e2eaed8) 
thrown [src/hotspot/share/interpreter/linkResolver.cpp, line 766]
Event: 0.554 Thread 0x000000011206ee00 Exception <a 'java/lang/NoSuchMethodError'{0x000000070e32b768}: 'java.lang.Object java.lang.invoke.DirectMethodHandle$Holder.newInvokeSpecial(java.lang.Object, java.lang.Object, int)'> (0x000000070e32b768) 
thrown [src/hotspot/share/interpreter/linkResolver.cpp, line 766]
Event: 0.596 Thread 0x0000000117033000 Exception <a 'java/lang/NoSuchMethodError'{0x000000070e0a99e0}: 'int java.lang.invoke.DirectMethodHandle$Holder.invokeStaticInit(java.lang.Object, java.lang.Object)'> (0x000000070e0a99e0) 
thrown [src/hotspot/share/interpreter/linkResolver.cpp, line 766]
Event: 1.255 Thread 0x0000000117196000 Exception <a 'sun/nio/fs/UnixException'{0x000000070dcbb598}> (0x000000070dcbb598) 
thrown [src/hotspot/share/prims/jni.cpp, line 516]
Event: 2.086 Thread 0x000000011206ee00 Exception <a 'java/lang/NoSuchMethodError'{0x000000070dd7cad8}: 'long java.lang.invoke.DirectMethodHandle$Holder.invokeStatic(java.lang.Object, java.lang.Object, java.lang.Object)'> (0x000000070dd7cad8) 
thrown [src/hotspot/share/interpreter/linkResolver.cpp, line 766]
Event: 2.086 Thread 0x000000011206ee00 Exception <a 'java/lang/NoSuchMethodError'{0x000000070dd80278}: 'long java.lang.invoke.DirectMethodHandle$Holder.invokeStaticInit(java.lang.Object, java.lang.Object, java.lang.Object)'> (0x000000070dd80278) 
thrown [src/hotspot/share/interpreter/linkResolver.cpp, line 766]
Event: 2.087 Thread 0x000000011206ee00 Exception <a 'java/lang/NoSuchMethodError'{0x000000070dd988c0}: 'java.lang.Object java.lang.invoke.DirectMethodHandle$Holder.newInvokeSpecial(java.lang.Object, java.lang.Object, long)'> (0x000000070dd988c0) 
thrown [src/hotspot/share/interpreter/linkResolver.cpp, line 766]
Event: 2.087 Thread 0x000000011206ee00 Exception <a 'java/lang/NoSuchMethodError'{0x000000070dd9c190}: 'java.lang.Object java.lang.invoke.Invokers$Holder.linkToTargetMethod(java.lang.Object, long, java.lang.Object)'> (0x000000070dd9c190) 
thrown [src/hotspot/share/interpreter/linkResolver.cpp, line 766]

VM Operations (20 events):
Event: 0.050 Executing VM operation: HandshakeAllThreads
Event: 0.050 Executing VM operation: HandshakeAllThreads done
Event: 0.050 Executing VM operation: HandshakeAllThreads
Event: 0.050 Executing VM operation: HandshakeAllThreads done
Event: 0.061 Executing VM operation: HandshakeAllThreads
Event: 0.061 Executing VM operation: HandshakeAllThreads done
Event: 0.158 Executing VM operation: ICBufferFull
Event: 0.158 Executing VM operation: ICBufferFull done
Event: 0.311 Executing VM operation: G1CollectForAllocation
Event: 0.313 Executing VM operation: G1CollectForAllocation done
Event: 0.323 Executing VM operation: HandshakeAllThreads
Event: 0.323 Executing VM operation: HandshakeAllThreads done
Event: 0.420 Executing VM operation: ICBufferFull
Event: 0.420 Executing VM operation: ICBufferFull done
Event: 0.499 Executing VM operation: HandshakeAllThreads
Event: 0.499 Executing VM operation: HandshakeAllThreads done
Event: 0.543 Executing VM operation: ICBufferFull
Event: 0.543 Executing VM operation: ICBufferFull done
Event: 1.550 Executing VM operation: ICBufferFull
Event: 1.550 Executing VM operation: ICBufferFull done

Events (20 events):
Event: 0.201 Protecting memory [0x000000016e714000,0x000000016e720000] with protection modes 0
Event: 0.239 Protecting memory [0x000000016e714000,0x000000016e720000] with protection modes 3
Event: 0.239 Thread 0x00000001328a9000 Thread exited: 0x00000001328a9000
Event: 0.259 Protecting memory [0x000000016e714000,0x000000016e720000] with protection modes 0
Event: 0.259 Thread 0x0000000117196000 Thread added: 0x0000000117196000
Event: 0.266 Thread 0x000000011712b000 Thread added: 0x000000011712b000
Event: 0.266 Protecting memory [0x000000016ea38000,0x000000016ea44000] with protection modes 0
Event: 0.276 Loaded shared library /Users/mentor/Library/Java/JavaVirtualMachines/corretto-18.0.1/Contents/Home/lib/libjimage.dylib
Event: 0.319 Loading shared library /Users/mentor/.m2/repository/org/openjfx/javafx-graphics/18-ea+2/libjavafx_font.dylib failed, dlopen(/Users/mentor/.m2/repository/org/openjfx/javafx-graphics/18-ea+2/libjavafx_font.dylib, 0x0001): tried: '/Users/mentor/.m2/repositor
Event: 0.321 Loaded shared library /Users/mentor/.openjfx/cache/18-ea/libjavafx_font.dylib
Event: 0.503 Thread 0x000000011205b800 Thread added: 0x000000011205b800
Event: 0.503 Protecting memory [0x000000016f680000,0x000000016f68c000] with protection modes 0
Event: 0.605 Thread 0x0000000132911a00 Thread added: 0x0000000132911a00
Event: 0.605 Protecting memory [0x000000016f9a4000,0x000000016f9b0000] with protection modes 0
Event: 0.851 Protecting memory [0x000000016e714000,0x000000016e720000] with protection modes 3
Event: 0.851 Thread 0x0000000117196000 Thread exited: 0x0000000117196000
Event: 1.134 Thread 0x0000000117196000 Thread added: 0x0000000117196000
Event: 1.134 Protecting memory [0x000000016fbb0000,0x000000016fbbc000] with protection modes 0
Event: 2.084 Protecting memory [0x000000016e714000,0x000000016e720000] with protection modes 0
Event: 2.084 Thread 0x00000001328bc600 Thread added: 0x00000001328bc600


Dynamic libraries:
0x00000001044c0000 	/Users/mentor/Library/Java/JavaVirtualMachines/corretto-18.0.1/Contents/Home/lib/libjli.dylib
0x0000000199879000 	/usr/lib/libz.1.dylib
0x0000000199929000 	/usr/lib/libSystem.B.dylib
0x0000000199923000 	/usr/lib/system/libcache.dylib
0x00000001998e1000 	/usr/lib/system/libcommonCrypto.dylib
0x000000019990a000 	/usr/lib/system/libcompiler_rt.dylib
0x0000000199901000 	/usr/lib/system/libcopyfile.dylib
0x000000018ec62000 	/usr/lib/system/libcorecrypto.dylib
0x000000018ed07000 	/usr/lib/system/libdispatch.dylib
0x000000018eecf000 	/usr/lib/system/libdyld.dylib
0x0000000199919000 	/usr/lib/system/libkeymgr.dylib
0x00000001998c3000 	/usr/lib/system/libmacho.dylib
0x0000000198fc3000 	/usr/lib/system/libquarantine.dylib
0x0000000199916000 	/usr/lib/system/libremovefile.dylib
0x0000000194061000 	/usr/lib/system/libsystem_asl.dylib
0x000000018ec0c000 	/usr/lib/system/libsystem_blocks.dylib
0x000000018ed8d000 	/usr/lib/system/libsystem_c.dylib
0x000000019990e000 	/usr/lib/system/libsystem_collections.dylib
0x0000000198482000 	/usr/lib/system/libsystem_configuration.dylib
0x0000000197706000 	/usr/lib/system/libsystem_containermanager.dylib
0x000000019962a000 	/usr/lib/system/libsystem_coreservices.dylib
0x00000001915f3000 	/usr/lib/system/libsystem_darwin.dylib
0x000000019991a000 	/usr/lib/system/libsystem_dnssd.dylib
0x000000018ed8a000 	/usr/lib/system/libsystem_featureflags.dylib
0x000000018eee4000 	/usr/lib/system/libsystem_info.dylib
0x000000019988b000 	/usr/lib/system/libsystem_m.dylib
0x000000018ecdc000 	/usr/lib/system/libsystem_malloc.dylib
0x0000000193ff2000 	/usr/lib/system/libsystem_networkextension.dylib
0x0000000191a47000 	/usr/lib/system/libsystem_notify.dylib
0x000000019fb2d000 	/usr/lib/system/libsystem_product_info_filter.dylib
0x0000000198487000 	/usr/lib/system/libsystem_sandbox.dylib
0x0000000199913000 	/usr/lib/system/libsystem_secinit.dylib
0x000000018ee8c000 	/usr/lib/system/libsystem_kernel.dylib
0x000000018eedc000 	/usr/lib/system/libsystem_platform.dylib
0x000000018eec2000 	/usr/lib/system/libsystem_pthread.dylib
0x000000019579e000 	/usr/lib/system/libsystem_symptoms.dylib
0x000000018ec48000 	/usr/lib/system/libsystem_trace.dylib
0x00000001998ee000 	/usr/lib/system/libunwind.dylib
0x000000018ec0e000 	/usr/lib/system/libxpc.dylib
0x000000018ee72000 	/usr/lib/libc++abi.dylib
0x000000018ed4e000 	/usr/lib/libobjc.A.dylib
0x00000001998f9000 	/usr/lib/liboah.dylib
0x000000018ee0e000 	/usr/lib/libc++.1.dylib
0x00000001a552e000 	/System/Library/Frameworks/Cocoa.framework/Versions/A/Cocoa
0x0000000191aa7000 	/System/Library/Frameworks/AppKit.framework/Versions/C/AppKit
0x0000000194fdd000 	/System/Library/Frameworks/CoreData.framework/Versions/A/CoreData
0x000000018fe04000 	/System/Library/Frameworks/Foundation.framework/Versions/C/Foundation
0x000000019295e000 	/System/Library/PrivateFrameworks/UIFoundation.framework/Versions/A/UIFoundation
0x000000019f827000 	/System/Library/PrivateFrameworks/RemoteViewServices.framework/Versions/A/RemoteViewServices
0x0000000197e40000 	/System/Library/PrivateFrameworks/XCTTargetBootstrap.framework/Versions/A/XCTTargetBootstrap
0x000000019b62a000 	/System/Library/PrivateFrameworks/InternationalSupport.framework/Versions/A/InternationalSupport
0x000000019b6b3000 	/System/Library/PrivateFrameworks/UserActivity.framework/Versions/A/UserActivity
0x000000019ab58000 	/usr/lib/libspindump.dylib
0x0000000192bce000 	/System/Library/Frameworks/UniformTypeIdentifiers.framework/Versions/A/UniformTypeIdentifiers
0x00000001963cd000 	/usr/lib/libapp_launch_measurement.dylib
0x0000000195945000 	/System/Library/PrivateFrameworks/CoreAnalytics.framework/Versions/A/CoreAnalytics
0x00000001963d0000 	/System/Library/PrivateFrameworks/CoreAutoLayout.framework/Versions/A/CoreAutoLayout
0x0000000197743000 	/System/Library/Frameworks/Metal.framework/Versions/A/Metal
0x0000000198492000 	/usr/lib/liblangid.dylib
0x0000000197e44000 	/System/Library/PrivateFrameworks/CoreSVG.framework/Versions/A/CoreSVG
0x0000000194095000 	/System/Library/PrivateFrameworks/SkyLight.framework/Versions/A/SkyLight
0x0000000194462000 	/System/Library/Frameworks/CoreGraphics.framework/Versions/A/CoreGraphics
0x000000019fea5000 	/System/Library/Frameworks/Accelerate.framework/Versions/A/Accelerate
0x000000019a5cc000 	/System/Library/PrivateFrameworks/IconServices.framework/Versions/A/IconServices
0x0000000197725000 	/System/Library/Frameworks/IOSurface.framework/Versions/A/IOSurface
0x0000000195975000 	/usr/lib/libDiagnosticMessagesClient.dylib
0x00000001a32ee000 	/System/Library/Frameworks/ApplicationServices.framework/Versions/A/ApplicationServices
0x0000000197e28000 	/System/Library/PrivateFrameworks/DFRFoundation.framework/Versions/A/DFRFoundation
0x0000000191348000 	/usr/lib/libicucore.A.dylib
0x000000019c42b000 	/System/Library/Frameworks/AudioToolbox.framework/Versions/A/AudioToolbox
0x000000019b636000 	/System/Library/PrivateFrameworks/DataDetectorsCore.framework/Versions/A/DataDetectorsCore
0x00000001b1784000 	/System/Library/PrivateFrameworks/TextInput.framework/Versions/A/TextInput
0x000000019400c000 	/usr/lib/libMobileGestalt.dylib
0x0000000197af8000 	/System/Library/Frameworks/Carbon.framework/Versions/A/Frameworks/HIToolbox.framework/Versions/A/HIToolbox
0x0000000195dd6000 	/System/Library/Frameworks/QuartzCore.framework/Versions/A/QuartzCore
0x0000000190fc5000 	/System/Library/Frameworks/Security.framework/Versions/A/Security
0x000000019f867000 	/System/Library/Frameworks/Carbon.framework/Versions/A/Frameworks/SpeechRecognition.framework/Versions/A/SpeechRecognition
0x0000000196124000 	/System/Library/PrivateFrameworks/CoreUI.framework/Versions/A/CoreUI
0x0000000190896000 	/System/Library/Frameworks/CoreAudio.framework/Versions/A/CoreAudio
0x0000000195a69000 	/System/Library/Frameworks/DiskArbitration.framework/Versions/A/DiskArbitration
0x000000019af3d000 	/System/Library/PrivateFrameworks/MultitouchSupport.framework/Versions/A/MultitouchSupport
0x000000019400a000 	/usr/lib/libenergytrace.dylib
0x0000000191971000 	/System/Library/Frameworks/IOKit.framework/Versions/A/IOKit
0x000000019fc50000 	/System/Library/Frameworks/CoreServices.framework/Versions/A/CoreServices
0x000000019635d000 	/System/Library/PrivateFrameworks/PerformanceAnalysis.framework/Versions/A/PerformanceAnalysis
0x00000001f0331000 	/System/Library/Frameworks/OpenGL.framework/Versions/A/OpenGL
0x0000000198ee3000 	/System/Library/PrivateFrameworks/MobileKeyBag.framework/Versions/A/MobileKeyBag
0x0000000194a72000 	/System/Library/Frameworks/ColorSync.framework/Versions/A/ColorSync
0x000000018ef10000 	/System/Library/Frameworks/CoreFoundation.framework/Versions/A/CoreFoundation
0x00000001980c5000 	/System/Library/Frameworks/CoreImage.framework/Versions/A/CoreImage
0x00000001906b9000 	/System/Library/Frameworks/CoreText.framework/Versions/A/CoreText
0x0000000197e74000 	/System/Library/Frameworks/ImageIO.framework/Versions/A/ImageIO
0x000000019992f000 	/System/Library/PrivateFrameworks/SoftLinking.framework/Versions/A/SoftLinking
0x000000019641a000 	/usr/lib/libxml2.2.dylib
0x0000000199bc8000 	/usr/lib/libcompression.dylib
0x000000019b583000 	/System/Library/PrivateFrameworks/TextureIO.framework/Versions/A/TextureIO
0x000000019a2e6000 	/usr/lib/libate.dylib
0x000000019a1ae000 	/usr/lib/liblzma.5.dylib
0x000000018faf8000 	/System/Library/Frameworks/SystemConfiguration.framework/Versions/A/SystemConfiguration
0x000000019992b000 	/usr/lib/libfakelink.dylib
0x0000000193b39000 	/System/Library/Frameworks/CFNetwork.framework/Versions/A/CFNetwork
0x0000000199a72000 	/usr/lib/libarchive.2.dylib
0x000000019848e000 	/System/Library/PrivateFrameworks/AppleSystemInfo.framework/Versions/A/AppleSystemInfo
0x0000000198fee000 	/usr/lib/libbsm.0.dylib
0x0000000193071000 	/usr/lib/libnetwork.dylib
0x00000001998c9000 	/usr/lib/system/libkxld.dylib
0x0000000198c05000 	/System/Library/PrivateFrameworks/IOMobileFramebuffer.framework/Versions/A/IOMobileFramebuffer
0x000000020c162000 	/usr/lib/libCoreEntitlements.dylib
0x000000019960c000 	/System/Library/PrivateFrameworks/AppleFSCompression.framework/Versions/A/AppleFSCompression
0x0000000198fd6000 	/usr/lib/libcoretls.dylib
0x000000019a1c7000 	/usr/lib/libcoretls_cfhelpers.dylib
0x0000000199bc3000 	/usr/lib/libpam.2.dylib
0x00000001953c6000 	/usr/lib/libsqlite3.dylib
0x000000019a22f000 	/usr/lib/libxar.1.dylib
0x000000019961d000 	/usr/lib/libbz2.1.0.dylib
0x0000000199930000 	/usr/lib/libpcap.A.dylib
0x0000000195795000 	/usr/lib/libdns_services.dylib
0x0000000199b96000 	/usr/lib/libapple_nghttp2.dylib
0x000000019996d000 	/usr/lib/libiconv.2.dylib
0x00000001998c2000 	/usr/lib/libcharset.1.dylib
0x0000000196399000 	/System/Library/Frameworks/CoreServices.framework/Versions/A/Frameworks/FSEvents.framework/Versions/A/FSEvents
0x00000001915fe000 	/System/Library/Frameworks/CoreServices.framework/Versions/A/Frameworks/CarbonCore.framework/Versions/A/CarbonCore
0x00000001959cc000 	/System/Library/Frameworks/CoreServices.framework/Versions/A/Frameworks/Metadata.framework/Versions/A/Metadata
0x0000000199630000 	/System/Library/Frameworks/CoreServices.framework/Versions/A/Frameworks/OSServices.framework/Versions/A/OSServices
0x0000000199af8000 	/System/Library/Frameworks/CoreServices.framework/Versions/A/Frameworks/SearchKit.framework/Versions/A/SearchKit
0x0000000195723000 	/System/Library/Frameworks/CoreServices.framework/Versions/A/Frameworks/AE.framework/Versions/A/AE
0x000000018f454000 	/System/Library/Frameworks/CoreServices.framework/Versions/A/Frameworks/LaunchServices.framework/Versions/A/LaunchServices
0x000000019a157000 	/System/Library/Frameworks/CoreServices.framework/Versions/A/Frameworks/DictionaryServices.framework/Versions/A/DictionaryServices
0x00000001963a6000 	/System/Library/Frameworks/CoreServices.framework/Versions/A/Frameworks/SharedFileList.framework/Versions/A/SharedFileList
0x0000000198fc6000 	/usr/lib/libCheckFix.dylib
0x0000000194079000 	/System/Library/PrivateFrameworks/TCC.framework/Versions/A/TCC
0x0000000198494000 	/System/Library/PrivateFrameworks/CoreNLP.framework/Versions/A/CoreNLP
0x0000000195978000 	/System/Library/PrivateFrameworks/MetadataUtilities.framework/Versions/A/MetadataUtilities
0x000000018fbb1000 	/usr/lib/libmecabra.dylib
0x0000000198fff000 	/usr/lib/libmecab.dylib
0x000000018fb7d000 	/usr/lib/libCRFSuite.dylib
0x000000019905d000 	/usr/lib/libgermantok.dylib
0x0000000199b6f000 	/usr/lib/libThaiTokenizer.dylib
0x0000000195a71000 	/System/Library/Frameworks/Accelerate.framework/Versions/A/Frameworks/vImage.framework/Versions/A/vImage
0x000000019fc27000 	/System/Library/Frameworks/Accelerate.framework/Versions/A/Frameworks/vecLib.framework/Versions/A/vecLib
0x000000019a273000 	/System/Library/Frameworks/Accelerate.framework/Versions/A/Frameworks/vecLib.framework/Versions/A/libvMisc.dylib
0x0000000198b0f000 	/System/Library/Frameworks/Accelerate.framework/Versions/A/Frameworks/vecLib.framework/Versions/A/libvDSP.dylib
0x000000018f7d7000 	/System/Library/Frameworks/Accelerate.framework/Versions/A/Frameworks/vecLib.framework/Versions/A/libBLAS.dylib
0x0000000199c97000 	/System/Library/Frameworks/Accelerate.framework/Versions/A/Frameworks/vecLib.framework/Versions/A/libLAPACK.dylib
0x0000000199060000 	/System/Library/Frameworks/Accelerate.framework/Versions/A/Frameworks/vecLib.framework/Versions/A/libLinearAlgebra.dylib
0x0000000199bae000 	/System/Library/Frameworks/Accelerate.framework/Versions/A/Frameworks/vecLib.framework/Versions/A/libSparseBLAS.dylib
0x0000000199c92000 	/System/Library/Frameworks/Accelerate.framework/Versions/A/Frameworks/vecLib.framework/Versions/A/libQuadrature.dylib
0x000000019858b000 	/System/Library/Frameworks/Accelerate.framework/Versions/A/Frameworks/vecLib.framework/Versions/A/libBNNS.dylib
0x000000018fa95000 	/System/Library/Frameworks/Accelerate.framework/Versions/A/Frameworks/vecLib.framework/Versions/A/libSparse.dylib
0x0000000198583000 	/System/Library/PrivateFrameworks/LinguisticData.framework/Versions/A/LinguisticData
0x000000018fa4b000 	/System/Library/PrivateFrameworks/Lexicon.framework/Versions/A/Lexicon
0x000000019a26b000 	/usr/lib/libChineseTokenizer.dylib
0x00000001901f2000 	/System/Library/PrivateFrameworks/LanguageModeling.framework/Versions/A/LanguageModeling
0x0000000199b71000 	/System/Library/PrivateFrameworks/AppleSauce.framework/Versions/A/AppleSauce
0x0000000198bf2000 	/System/Library/PrivateFrameworks/CoreEmoji.framework/Versions/A/CoreEmoji
0x0000000199a60000 	/usr/lib/libcmph.dylib
0x0000000196379000 	/System/Library/Frameworks/OpenDirectory.framework/Versions/A/Frameworks/CFOpenDirectory.framework/Versions/A/CFOpenDirectory
0x0000000196369000 	/System/Library/Frameworks/OpenDirectory.framework/Versions/A/OpenDirectory
0x000000019a1c9000 	/System/Library/PrivateFrameworks/APFS.framework/Versions/A/APFS
0x0000000198f1e000 	/System/Library/Frameworks/SecurityFoundation.framework/Versions/A/SecurityFoundation
0x000000019a23d000 	/usr/lib/libutil.dylib
0x0000000191933000 	/System/Library/PrivateFrameworks/CoreServicesStore.framework/Versions/A/CoreServicesStore
0x000000019a241000 	/usr/lib/libxslt.1.dylib
0x0000000198fb2000 	/System/Library/PrivateFrameworks/BackgroundTaskManagement.framework/Versions/A/BackgroundTaskManagement
0x000000019b4a4000 	/System/Library/Frameworks/ImageIO.framework/Versions/A/Resources/libRadiance.dylib
0x000000019b4ad000 	/System/Library/Frameworks/ImageIO.framework/Versions/A/Resources/libJPEG.dylib
0x000000019b3ff000 	/System/Library/Frameworks/ImageIO.framework/Versions/A/Resources/libPng.dylib
0x000000019b421000 	/System/Library/Frameworks/ImageIO.framework/Versions/A/Resources/libTIFF.dylib
0x000000019b508000 	/System/Library/Frameworks/ImageIO.framework/Versions/A/Resources/libGIF.dylib
0x000000019ae4d000 	/System/Library/Frameworks/ImageIO.framework/Versions/A/Resources/libJP2.dylib
0x000000019a592000 	/usr/lib/libexpat.1.dylib
0x000000019ae08000 	/System/Library/PrivateFrameworks/AppleJPEG.framework/Versions/A/AppleJPEG
0x00000001979b7000 	/System/Library/PrivateFrameworks/FontServices.framework/libFontParser.dylib
0x00000001956c8000 	/System/Library/PrivateFrameworks/RunningBoardServices.framework/Versions/A/RunningBoardServices
0x00000001a5ba4000 	/System/Library/PrivateFrameworks/IOSurfaceAccelerator.framework/Versions/A/IOSurfaceAccelerator
0x000000019af39000 	/System/Library/PrivateFrameworks/WatchdogClient.framework/Versions/A/WatchdogClient
0x00000001902f6000 	/System/Library/Frameworks/CoreDisplay.framework/Versions/A/CoreDisplay
0x00000001978a5000 	/System/Library/Frameworks/CoreMedia.framework/Versions/A/CoreMedia
0x0000000197739000 	/System/Library/PrivateFrameworks/IOAccelerator.framework/Versions/A/IOAccelerator
0x0000000196507000 	/System/Library/Frameworks/CoreVideo.framework/Versions/A/CoreVideo
0x0000000199bc1000 	/System/Library/Frameworks/MetalPerformanceShaders.framework/Versions/A/MetalPerformanceShaders
0x000000019af76000 	/System/Library/Frameworks/VideoToolbox.framework/Versions/A/VideoToolbox
0x000000019560c000 	/System/Library/PrivateFrameworks/BaseBoard.framework/Versions/A/BaseBoard
0x00000001953ab000 	/System/Library/PrivateFrameworks/ProtocolBuffer.framework/Versions/A/ProtocolBuffer
0x000000019b49f000 	/System/Library/PrivateFrameworks/GPUWrangler.framework/Versions/A/GPUWrangler
0x000000019b47e000 	/System/Library/PrivateFrameworks/IOPresentment.framework/Versions/A/IOPresentment
0x000000019b4a7000 	/System/Library/PrivateFrameworks/DSExternalDisplay.framework/Versions/A/DSExternalDisplay
0x00000001f0324000 	/System/Library/Frameworks/OpenGL.framework/Versions/A/Libraries/libCoreFSCache.dylib
0x00000001f9b0f000 	/System/Library/PrivateFrameworks/GPUCompiler.framework/Versions/31001/Libraries/libGPUCompilerUtils.dylib
0x000000019b50d000 	/System/Library/PrivateFrameworks/CMCaptureCore.framework/Versions/A/CMCaptureCore
0x000000019ab46000 	/System/Library/PrivateFrameworks/AppServerSupport.framework/Versions/A/AppServerSupport
0x000000019cce6000 	/System/Library/PrivateFrameworks/perfdata.framework/Versions/A/perfdata
0x0000000190416000 	/System/Library/PrivateFrameworks/AudioToolboxCore.framework/Versions/A/AudioToolboxCore
0x000000019787d000 	/System/Library/PrivateFrameworks/caulk.framework/Versions/A/caulk
0x000000019c5db000 	/usr/lib/libAudioStatistics.dylib
0x00000001adef8000 	/System/Library/PrivateFrameworks/SystemPolicy.framework/Versions/A/SystemPolicy
0x000000019c83b000 	/usr/lib/libSMC.dylib
0x00000001a5410000 	/System/Library/Frameworks/CoreMIDI.framework/Versions/A/CoreMIDI
0x000000019b3cd000 	/usr/lib/libAudioToolboxUtility.dylib
0x00000001aa325000 	/System/Library/PrivateFrameworks/OSAServicesClient.framework/Versions/A/OSAServicesClient
0x000000019ccf3000 	/usr/lib/libperfcheck.dylib
0x00000001ae9ff000 	/usr/lib/libmis.dylib
0x00000001f0385000 	/System/Library/Frameworks/OpenGL.framework/Versions/A/Libraries/libGLU.dylib
0x00000001f0344000 	/System/Library/Frameworks/OpenGL.framework/Versions/A/Libraries/libGFXShared.dylib
0x00000001f052e000 	/System/Library/Frameworks/OpenGL.framework/Versions/A/Libraries/libGL.dylib
0x00000001f034d000 	/System/Library/Frameworks/OpenGL.framework/Versions/A/Libraries/libGLImage.dylib
0x00000001f0341000 	/System/Library/Frameworks/OpenGL.framework/Versions/A/Libraries/libCVMSPluginSupport.dylib
0x00000001f032b000 	/System/Library/Frameworks/OpenGL.framework/Versions/A/Libraries/libCoreVMClient.dylib
0x000000019840f000 	/System/Library/Frameworks/MetalPerformanceShaders.framework/Versions/A/Frameworks/MPSCore.framework/Versions/A/MPSCore
0x000000019957f000 	/System/Library/Frameworks/MetalPerformanceShaders.framework/Versions/A/Frameworks/MPSImage.framework/Versions/A/MPSImage
0x0000000199075000 	/System/Library/Frameworks/MetalPerformanceShaders.framework/Versions/A/Frameworks/MPSNeuralNetwork.framework/Versions/A/MPSNeuralNetwork
0x00000001994b2000 	/System/Library/Frameworks/MetalPerformanceShaders.framework/Versions/A/Frameworks/MPSMatrix.framework/Versions/A/MPSMatrix
0x000000019928d000 	/System/Library/Frameworks/MetalPerformanceShaders.framework/Versions/A/Frameworks/MPSRayIntersector.framework/Versions/A/MPSRayIntersector
0x00000001994e3000 	/System/Library/Frameworks/MetalPerformanceShaders.framework/Versions/A/Frameworks/MPSNDArray.framework/Versions/A/MPSNDArray
0x00000001f205c000 	/System/Library/Frameworks/MetalPerformanceShaders.framework/Versions/A/Frameworks/MPSFunctions.framework/Versions/A/MPSFunctions
0x000000018f6b5000 	/System/Library/PrivateFrameworks/MetalTools.framework/Versions/A/MetalTools
0x000000019848c000 	/System/Library/PrivateFrameworks/AggregateDictionary.framework/Versions/A/AggregateDictionary
0x000000019a378000 	/usr/lib/libIOReport.dylib
0x00000001a43f7000 	/System/Library/PrivateFrameworks/ASEProcessing.framework/Versions/A/ASEProcessing
0x000000019a6eb000 	/System/Library/PrivateFrameworks/FaceCore.framework/Versions/A/FaceCore
0x000000019a6dd000 	/System/Library/PrivateFrameworks/GraphVisualizer.framework/Versions/A/GraphVisualizer
0x00000001f9a26000 	/System/Library/PrivateFrameworks/FontServices.framework/Versions/A/FontServices
0x000000019ab00000 	/System/Library/PrivateFrameworks/OTSVG.framework/Versions/A/OTSVG
0x00000001960d5000 	/System/Library/Frameworks/ApplicationServices.framework/Versions/A/Frameworks/ATS.framework/Versions/A/Resources/libFontRegistry.dylib
0x000000019ab4f000 	/System/Library/PrivateFrameworks/FontServices.framework/libhvf.dylib
0x00000001f9a27000 	/System/Library/PrivateFrameworks/FontServices.framework/libXTFontStaticRegistryData.dylib
0x00000001f06d0000 	/System/Library/Frameworks/OpenCL.framework/Versions/A/OpenCL
0x000000019a546000 	/System/Library/PrivateFrameworks/AppleVA.framework/Versions/A/AppleVA
0x000000019c603000 	/System/Library/Frameworks/ApplicationServices.framework/Versions/A/Frameworks/ATS.framework/Versions/A/ATS
0x0000000194b6f000 	/System/Library/Frameworks/ApplicationServices.framework/Versions/A/Frameworks/HIServices.framework/Versions/A/HIServices
0x000000019b517000 	/System/Library/Frameworks/ApplicationServices.framework/Versions/A/Frameworks/PrintCore.framework/Versions/A/PrintCore
0x000000019c98e000 	/System/Library/Frameworks/ApplicationServices.framework/Versions/A/Frameworks/QD.framework/Versions/A/QD
0x000000019c986000 	/System/Library/Frameworks/ApplicationServices.framework/Versions/A/Frameworks/ColorSyncLegacy.framework/Versions/A/ColorSyncLegacy
0x000000019c5ef000 	/System/Library/Frameworks/ApplicationServices.framework/Versions/A/Frameworks/SpeechSynthesis.framework/Versions/A/SpeechSynthesis
0x000000019b4d8000 	/System/Library/Frameworks/ApplicationServices.framework/Versions/A/Frameworks/ATSUI.framework/Versions/A/ATSUI
0x000000019c91b000 	/usr/lib/libcups.2.dylib
0x000000019cd01000 	/System/Library/Frameworks/Kerberos.framework/Versions/A/Kerberos
0x000000019cd12000 	/System/Library/Frameworks/GSS.framework/Versions/A/GSS
0x000000019c672000 	/usr/lib/libresolv.9.dylib
0x000000019ab5d000 	/System/Library/PrivateFrameworks/Heimdal.framework/Versions/A/Heimdal
0x00000001a3666000 	/System/Library/Frameworks/Kerberos.framework/Versions/A/Libraries/libHeimdalProxy.dylib
0x00000001957a7000 	/System/Library/Frameworks/Network.framework/Versions/A/Network
0x000000019a5ad000 	/usr/lib/libheimdal-asn1.dylib
0x000000019cd58000 	/System/Library/PrivateFrameworks/CommonAuth.framework/Versions/A/CommonAuth
0x000000019c569000 	/System/Library/PrivateFrameworks/AudioSession.framework/Versions/A/AudioSession
0x000000019a63e000 	/System/Library/PrivateFrameworks/MediaExperience.framework/Versions/A/MediaExperience
0x000000019c3f1000 	/System/Library/PrivateFrameworks/AudioSession.framework/libSessionUtility.dylib
0x000000019c99a000 	/System/Library/PrivateFrameworks/AudioResourceArbitration.framework/Versions/A/AudioResourceArbitration
0x00000001a0aa5000 	/System/Library/PrivateFrameworks/PowerLog.framework/Versions/A/PowerLog
0x000000019a5b6000 	/System/Library/PrivateFrameworks/IconFoundation.framework/Versions/A/IconFoundation
0x000000019f853000 	/System/Library/PrivateFrameworks/SpeechRecognitionCore.framework/Versions/A/SpeechRecognitionCore
0x0000000104530000 	/System/Library/CoreServices/Encodings/libCyrillicConverter.dylib
0x000000010563c000 	/Users/mentor/Library/Java/JavaVirtualMachines/corretto-18.0.1/Contents/Home/lib/server/libjvm.dylib
0x0000000104540000 	/Users/mentor/Library/Java/JavaVirtualMachines/corretto-18.0.1/Contents/Home/lib/libjimage.dylib
0x0000000104610000 	/Users/mentor/Library/Java/JavaVirtualMachines/corretto-18.0.1/Contents/Home/lib/libinstrument.dylib
0x000000010465c000 	/Users/mentor/Library/Java/JavaVirtualMachines/corretto-18.0.1/Contents/Home/lib/libjava.dylib
0x0000000105110000 	/Users/mentor/Library/Java/JavaVirtualMachines/corretto-18.0.1/Contents/Home/lib/libnio.dylib
0x0000000105130000 	/Users/mentor/Library/Java/JavaVirtualMachines/corretto-18.0.1/Contents/Home/lib/libnet.dylib
0x0000000105150000 	/Users/mentor/Library/Java/JavaVirtualMachines/corretto-18.0.1/Contents/Home/lib/libzip.dylib
0x0000000105168000 	/Users/mentor/.openjfx/cache/18-ea/libprism_es2.dylib
0x00000001918f6000 	/System/Library/PrivateFrameworks/CoreServicesInternal.framework/Versions/A/CoreServicesInternal
0x00000001f0538000 	/System/Library/Frameworks/OpenGL.framework/Versions/A/Resources/GLEngine.bundle/GLEngine
0x00000001f03bf000 	/System/Library/Frameworks/OpenGL.framework/Versions/A/Libraries/libGLProgrammability.dylib
0x00000001054bc000 	/System/Library/Extensions/AppleMetalOpenGLRenderer.bundle/Contents/MacOS/AppleMetalOpenGLRenderer
0x00000001f06a7000 	/System/Library/Frameworks/OpenGL.framework/Versions/A/Resources/GLRendererFloat.bundle/GLRendererFloat
0x00000001d4540000 	/System/Library/Extensions/AGXMetalG13X.bundle/Contents/MacOS/AGXMetalG13X
0x00000001aea1b000 	/System/Library/PrivateFrameworks/GPURawCounter.framework/Versions/A/GPURawCounter
0x00000001a94a9000 	/System/Library/PrivateFrameworks/IOGPU.framework/Versions/A/IOGPU
0x0000000105554000 	/Users/mentor/.openjfx/cache/18-ea/libglass.dylib
0x00000001a0cf9000 	/System/Library/Frameworks/FileProvider.framework/Versions/A/FileProvider
0x0000000195574000 	/System/Library/Frameworks/Accounts.framework/Versions/A/Accounts
0x00000001a0e79000 	/System/Library/PrivateFrameworks/GenerationalStorage.framework/Versions/A/GenerationalStorage
0x00000001a1a2f000 	/System/Library/PrivateFrameworks/CoreSymbolication.framework/Versions/A/CoreSymbolication
0x00000001a0a99000 	/System/Library/PrivateFrameworks/SymptomDiagnosticReporter.framework/Versions/A/SymptomDiagnosticReporter
0x0000000192be2000 	/System/Library/PrivateFrameworks/DesktopServicesPriv.framework/Versions/A/DesktopServicesPriv
0x0000000191a56000 	/usr/lib/libsandbox.1.dylib
0x0000000196594000 	/System/Library/PrivateFrameworks/UserManagement.framework/Versions/A/UserManagement
0x00000001a19f0000 	/System/Library/PrivateFrameworks/DebugSymbols.framework/Versions/A/DebugSymbols
0x000000019c979000 	/System/Library/PrivateFrameworks/NetAuth.framework/Versions/A/NetAuth
0x000000019d87c000 	/System/Library/PrivateFrameworks/Sharing.framework/Versions/A/Sharing
0x0000000196564000 	/System/Library/PrivateFrameworks/login.framework/Versions/A/Frameworks/loginsupport.framework/Versions/A/loginsupport
0x00000001a2ba8000 	/System/Library/PrivateFrameworks/Apple80211.framework/Versions/A/Apple80211
0x0000000199663000 	/System/Library/PrivateFrameworks/AuthKit.framework/Versions/A/AuthKit
0x0000000198cf1000 	/System/Library/PrivateFrameworks/CoreUtils.framework/Versions/A/CoreUtils
0x0000000198c11000 	/System/Library/Frameworks/CoreWLAN.framework/Versions/A/CoreWLAN
0x000000019d9e6000 	/System/Library/Frameworks/IOBluetooth.framework/Versions/A/IOBluetooth
0x00000001a2c08000 	/System/Library/PrivateFrameworks/CoreWiFi.framework/Versions/A/CoreWiFi
0x00000001a15d7000 	/System/Library/PrivateFrameworks/FrontBoardServices.framework/Versions/A/FrontBoardServices
0x00000001a166f000 	/System/Library/PrivateFrameworks/BoardServices.framework/Versions/A/BoardServices
0x0000000198f0c000 	/System/Library/PrivateFrameworks/AssertionServices.framework/Versions/A/AssertionServices
0x00000001a2d76000 	/System/Library/PrivateFrameworks/BackBoardServices.framework/Versions/A/BackBoardServices
0x000000019cdeb000 	/System/Library/PrivateFrameworks/CorePhoneNumbers.framework/Versions/A/CorePhoneNumbers
0x00000001a0bc9000 	/System/Library/PrivateFrameworks/DiskManagement.framework/Versions/A/DiskManagement
0x00000001a0acc000 	/System/Library/PrivateFrameworks/AppleIDAuthSupport.framework/Versions/A/AppleIDAuthSupport
0x00000001f4346000 	/System/Library/PrivateFrameworks/AAAFoundation.framework/Versions/A/AAAFoundation
0x000000019cdca000 	/System/Library/PrivateFrameworks/KeychainCircle.framework/Versions/A/KeychainCircle
0x00000001a0b95000 	/System/Library/PrivateFrameworks/MediaKit.framework/Versions/A/MediaKit
0x00000001a0ad9000 	/System/Library/Frameworks/DiscRecording.framework/Versions/A/DiscRecording
0x000000019a4c2000 	/usr/lib/libCoreStorage.dylib
0x00000001a3072000 	/usr/lib/libcsfde.dylib
0x000000019dabb000 	/System/Library/PrivateFrameworks/ProtectedCloudStorage.framework/Versions/A/ProtectedCloudStorage
0x00000001a306a000 	/System/Library/PrivateFrameworks/EFILogin.framework/Versions/A/EFILogin
0x00000001a0ea0000 	/System/Library/PrivateFrameworks/OctagonTrust.framework/Versions/A/OctagonTrust
0x00000001f8c72000 	/System/Library/PrivateFrameworks/CoreUtilsExtras.framework/Versions/A/CoreUtilsExtras
0x00000001a0a0e000 	/System/Library/Frameworks/CoreBluetooth.framework/Versions/A/CoreBluetooth
0x00000001a36eb000 	/System/Library/Frameworks/AudioUnit.framework/Versions/A/AudioUnit
0x000000019a4ba000 	/usr/lib/libMatch.1.dylib
0x00000001b2d11000 	/System/Library/Frameworks/Accelerate.framework/Versions/A/Frameworks/vImage.framework/Versions/A/Libraries/libCGInterfaces.dylib
0x0000000111de4000 	/usr/lib/libobjc-trampolines.dylib
0x0000000196261000 	/System/Library/PrivateFrameworks/ViewBridge.framework/Versions/A/ViewBridge
0x000000019a381000 	/System/Library/PrivateFrameworks/CrashReporterSupport.framework/Versions/A/CrashReporterSupport
0x00000001ba6da000 	/System/Library/PrivateFrameworks/OSAnalytics.framework/Versions/A/OSAnalytics
0x00000001c571b000 	/System/Library/PrivateFrameworks/Symbolication.framework/Versions/A/Symbolication
0x00000001ae9dc000 	/System/Library/PrivateFrameworks/MallocStackLogging.framework/Versions/A/MallocStackLogging
0x0000000135d50000 	/Users/mentor/.openjfx/cache/18-ea/libjavafx_font.dylib
0x000000019ac0b000 	/System/Library/PrivateFrameworks/login.framework/Versions/A/login
0x000000020c2dc000 	/usr/lib/libRosetta.dylib


VM Arguments:
jvm_args: -javaagent:/Applications/IntelliJ IDEA CE.app/Contents/lib/idea_rt.jar=52686:/Applications/IntelliJ IDEA CE.app/Contents/bin -Dfile.encoding=UTF-8 --module-path=/Users/mentor/.m2/repository/org/openjfx/javafx-graphics/18-ea+2/javafx-graphics-18-ea+2-mac-aarch64.jar:/Users/mentor/.m2/repository/org/openjfx/javafx-base/18-ea+2/javafx-base-18-ea+2-mac-aarch64.jar:/Users/mentor/.m2/repository/org/openjfx/javafx-controls/18-ea+2/javafx-controls-18-ea+2-mac-aarch64.jar:/Users/mentor/.m2/repository/org/openjfx/javafx-fxml/18-ea+2/javafx-fxml-18-ea+2-mac-aarch64.jar:/Users/mentor/Desktop/demofx/target/classes -Djdk.module.main=com.example.demofx 
java_command: com.example.demofx/com.example.demofx.HelloApplication
java_class_path (initial): /Users/mentor/.m2/repository/org/openjfx/javafx-controls/18-ea+2/javafx-controls-18-ea+2.jar:/Users/mentor/.m2/repository/org/openjfx/javafx-graphics/18-ea+2/javafx-graphics-18-ea+2.jar:/Users/mentor/.m2/repository/org/openjfx/javafx-base/18-ea+2/javafx-base-18-ea+2.jar:/Users/mentor/.m2/repository/org/openjfx/javafx-fxml/18-ea+2/javafx-fxml-18-ea+2.jar
Launcher Type: SUN_STANDARD

[Global flags]
     intx CICompilerCount                          = 4                                         {product} {ergonomic}
     uint ConcGCThreads                            = 2                                         {product} {ergonomic}
     uint G1ConcRefinementThreads                  = 8                                         {product} {ergonomic}
   size_t G1HeapRegionSize                         = 2097152                                   {product} {ergonomic}
    uintx GCDrainStackTargetSize                   = 64                                        {product} {ergonomic}
   size_t InitialHeapSize                          = 268435456                                 {product} {ergonomic}
   size_t MarkStackSize                            = 4194304                                   {product} {ergonomic}
   size_t MaxHeapSize                              = 4294967296                                {product} {ergonomic}
   size_t MaxNewSize                               = 2575302656                                {product} {ergonomic}
   size_t MinHeapDeltaBytes                        = 2097152                                   {product} {ergonomic}
   size_t MinHeapSize                              = 8388608                                   {product} {ergonomic}
    uintx NonNMethodCodeHeapSize                   = 5839564                                {pd product} {ergonomic}
    uintx NonProfiledCodeHeapSize                  = 122909338                              {pd product} {ergonomic}
    uintx ProfiledCodeHeapSize                     = 122909338                              {pd product} {ergonomic}
    uintx ReservedCodeCacheSize                    = 251658240                              {pd product} {ergonomic}
     bool SegmentedCodeCache                       = true                                      {product} {ergonomic}
   size_t SoftMaxHeapSize                          = 4294967296                             {manageable} {ergonomic}
     bool UseCompressedClassPointers               = true                           {product lp64_product} {ergonomic}
     bool UseCompressedOops                        = true                           {product lp64_product} {ergonomic}
     bool UseG1GC                                  = true                                      {product} {ergonomic}
     bool UseNUMA                                  = false                                     {product} {ergonomic}
     bool UseNUMAInterleaving                      = false                                     {product} {ergonomic}

Logging:
Log output configuration:
 #0: stdout all=warning uptime,level,tags foldmultilines=false
 #1: stderr all=off uptime,level,tags foldmultilines=false

Environment Variables:
PATH=/usr/local/bin:/usr/bin:/bin:/usr/sbin:/sbin:/Library/Apple/usr/bin
SHELL=/bin/zsh
LC_CTYPE=ru_RU.UTF-8

Signal Handlers:
   SIGSEGV: _ZL13crash_handleriP9__siginfoPv in libjvm.dylib, mask=11100110000111110111111111111111, flags=SA_RESTART|SA_SIGINFO
    SIGBUS: _ZL13crash_handleriP9__siginfoPv in libjvm.dylib, mask=11100110000111110111111111111111, flags=SA_RESTART|SA_SIGINFO
    SIGFPE: _ZL13crash_handleriP9__siginfoPv in libjvm.dylib, mask=11100110000111110111111111111111, flags=SA_RESTART|SA_SIGINFO
   SIGPIPE: _ZL17javaSignalHandleriP9__siginfoPv in libjvm.dylib, mask=11100110000111110111111111111111, flags=SA_RESTART|SA_SIGINFO
   SIGXFSZ: _ZL17javaSignalHandleriP9__siginfoPv in libjvm.dylib, mask=11100110000111110111111111111111, flags=SA_RESTART|SA_SIGINFO
    SIGILL: _ZL13crash_handleriP9__siginfoPv in libjvm.dylib, mask=11100110000111110111111111111111, flags=SA_RESTART|SA_SIGINFO
   SIGUSR2: _ZL10SR_handleriP9__siginfoP17__darwin_ucontext in libjvm.dylib, mask=00100000000000000000000000000000, flags=SA_RESTART|SA_SIGINFO
    SIGHUP: _ZL11UserHandleriPvS_ in libjvm.dylib, mask=11100110000111110111111111111111, flags=SA_RESTART|SA_SIGINFO
    SIGINT: _ZL11UserHandleriPvS_ in libjvm.dylib, mask=11100110000111110111111111111111, flags=SA_RESTART|SA_SIGINFO
   SIGTERM: _ZL11UserHandleriPvS_ in libjvm.dylib, mask=11100110000111110111111111111111, flags=SA_RESTART|SA_SIGINFO
   SIGQUIT: _ZL11UserHandleriPvS_ in libjvm.dylib, mask=11100110000111110111111111111111, flags=SA_RESTART|SA_SIGINFO
   SIGTRAP: _ZL13crash_handleriP9__siginfoPv in libjvm.dylib, mask=11100110000111110111111111111111, flags=SA_RESTART|SA_SIGINFO


---------------  S Y S T E M  ---------------

OS:
uname: Darwin 21.3.0 Darwin Kernel Version 21.3.0: Wed Jan  5 21:37:58 PST 2022; root:xnu-8019.80.24~20/RELEASE_ARM64_T6000 arm64
OS uptime: 0 days 14:32 hours
rlimit (soft/hard): STACK 8176k/65520k , CORE 0k/infinity , NPROC 2666/4000 , NOFILE 10240/infinity , AS infinity/infinity , CPU infinity/infinity , DATA infinity/infinity , FSIZE infinity/infinity , MEMLOCK infinity/infinity , RSS infinity/infinity
load average: 3.43 2.82 2.48

CPU: total 8 (initial active 8) 0x61:0x0:0x1b588bb3:0, fp, simd, aes, pmull, crc, lse

Memory: 16k page, physical 16777216k(100816k free), swap 1048576k(1043712k free)

vm_info: OpenJDK 64-Bit Server VM (18.0.1+10-FR) for bsd-aarch64 JRE (18.0.1+10-FR), built on Apr 16 2022 20:30:36 by "jenkins" with clang Apple LLVM 13.0.0 (clang-1300.0.29.30)

END.
